13.04.2013 11:57:04 INFO  [main] de.uni_leipzig.simba.io.ConfigReader.validateAndRead(ConfigReader.java:163): Source = ID: dbpedia
Var: ?a
Prefixes: {dc=http://purl.org/dc/terms/, rdfs=http://www.w3.org/2000/01/rdf-schema#, dbpedia-owl=http://dbpedia.org/ontology/, foaf=http://xmlns.com/foaf/0.1/, dbpedia-prop=http://dbpedia.org/property/, owl=http://www.w3.org/2002/07/owl#, rdf=http://www.w3.org/1999/02/22-rdf-syntax-ns#, drug=http://wifo5-04.informatik.uni-mannheim.de/drugbank/resource/drugbank/}
Endpoint: http://dbpedia.org/sparql
Graph: http://dbpedia.org
Restrictions: [?a rdf:type dbpedia-owl:Drug]
Properties: [rdfs:label]
Functions: {rdfs:label={rdfs:label=lowercase}}
Page size: 1000
Type: sparql

13.04.2013 11:57:04 INFO  [main] de.uni_leipzig.simba.io.ConfigReader.validateAndRead(ConfigReader.java:168): Target = ID: drugsbank
Var: ?b
Prefixes: {dc=http://purl.org/dc/terms/, rdfs=http://www.w3.org/2000/01/rdf-schema#, dbpedia-owl=http://dbpedia.org/ontology/, foaf=http://xmlns.com/foaf/0.1/, dbpedia-prop=http://dbpedia.org/property/, owl=http://www.w3.org/2002/07/owl#, rdf=http://www.w3.org/1999/02/22-rdf-syntax-ns#, drug=http://wifo5-04.informatik.uni-mannheim.de/drugbank/resource/drugbank/}
Endpoint: http://wifo5-03.informatik.uni-mannheim.de/drugbank/sparql
Graph: null
Restrictions: [?b rdf:type drug:drugs]
Properties: [rdfs:label, drug:genericName]
Functions: {rdfs:label={rdfs:label=lowercase}, drug:genericName={drug:genericName=lowercase}}
Page size: 1000
Type: sparql

13.04.2013 11:57:04 INFO  [main] de.uni_leipzig.simba.controller.PPJoinController.run(PPJoinController.java:126): ID: dbpedia
Var: ?a
Prefixes: {dc=http://purl.org/dc/terms/, rdfs=http://www.w3.org/2000/01/rdf-schema#, dbpedia-owl=http://dbpedia.org/ontology/, foaf=http://xmlns.com/foaf/0.1/, dbpedia-prop=http://dbpedia.org/property/, owl=http://www.w3.org/2002/07/owl#, rdf=http://www.w3.org/1999/02/22-rdf-syntax-ns#, drug=http://wifo5-04.informatik.uni-mannheim.de/drugbank/resource/drugbank/}
Endpoint: http://dbpedia.org/sparql
Graph: http://dbpedia.org
Restrictions: [?a rdf:type dbpedia-owl:Drug]
Properties: [rdfs:label]
Functions: {rdfs:label={rdfs:label=lowercase}}
Page size: 1000
Type: sparql

13.04.2013 11:57:04 INFO  [main] de.uni_leipzig.simba.controller.PPJoinController.run(PPJoinController.java:127): ID: drugsbank
Var: ?b
Prefixes: {dc=http://purl.org/dc/terms/, rdfs=http://www.w3.org/2000/01/rdf-schema#, dbpedia-owl=http://dbpedia.org/ontology/, foaf=http://xmlns.com/foaf/0.1/, dbpedia-prop=http://dbpedia.org/property/, owl=http://www.w3.org/2002/07/owl#, rdf=http://www.w3.org/1999/02/22-rdf-syntax-ns#, drug=http://wifo5-04.informatik.uni-mannheim.de/drugbank/resource/drugbank/}
Endpoint: http://wifo5-03.informatik.uni-mannheim.de/drugbank/sparql
Graph: null
Restrictions: [?b rdf:type drug:drugs]
Properties: [rdfs:label, drug:genericName]
Functions: {rdfs:label={rdfs:label=lowercase}, drug:genericName={drug:genericName=lowercase}}
Page size: 1000
Type: sparql

13.04.2013 11:57:04 INFO  [main] de.uni_leipzig.simba.controller.PPJoinController.run(PPJoinController.java:132): Loading source data ...
13.04.2013 11:57:04 INFO  [main] de.uni_leipzig.simba.cache.HybridCache.getData(HybridCache.java:243): No cached data found for dbpedia
13.04.2013 11:57:04 INFO  [main] de.uni_leipzig.simba.query.QueryModuleFactory.getQueryModule(QueryModuleFactory.java:19): Generating <sparql> reader
13.04.2013 11:57:04 INFO  [main] de.uni_leipzig.simba.query.SparqlQueryModule.fillCache(SparqlQueryModule.java:70): Query Graph: http://dbpedia.org
13.04.2013 11:57:04 INFO  [main] de.uni_leipzig.simba.query.SparqlQueryModule.fillCache(SparqlQueryModule.java:93): Properties are [rdfs:label]
13.04.2013 11:57:04 INFO  [main] de.uni_leipzig.simba.query.SparqlQueryModule.fillCache(SparqlQueryModule.java:135): Query issued is 
PREFIX dc: <http://purl.org/dc/terms/>
PREFIX rdfs: <http://www.w3.org/2000/01/rdf-schema#>
PREFIX dbpedia-owl: <http://dbpedia.org/ontology/>
PREFIX foaf: <http://xmlns.com/foaf/0.1/>
PREFIX dbpedia-prop: <http://dbpedia.org/property/>
PREFIX owl: <http://www.w3.org/2002/07/owl#>
PREFIX rdf: <http://www.w3.org/1999/02/22-rdf-syntax-ns#>
PREFIX drug: <http://wifo5-04.informatik.uni-mannheim.de/drugbank/resource/drugbank/>
SELECT DISTINCT ?a ?v0
FROM <http://dbpedia.org>
WHERE {
?a rdf:type dbpedia-owl:Drug .
?a rdfs:label ?v0 .
}
13.04.2013 11:57:04 INFO  [main] de.uni_leipzig.simba.query.SparqlQueryModule.fillCache(SparqlQueryModule.java:137): Querying the endpoint.
13.04.2013 11:57:04 INFO  [main] de.uni_leipzig.simba.query.SparqlQueryModule.fillCache(SparqlQueryModule.java:145): Getting statements 0 to 1000
13.04.2013 11:57:06 INFO  [main] de.uni_leipzig.simba.query.SparqlQueryModule.fillCache(SparqlQueryModule.java:145): Getting statements 1000 to 2000
13.04.2013 11:57:06 INFO  [main] de.uni_leipzig.simba.query.SparqlQueryModule.fillCache(SparqlQueryModule.java:145): Getting statements 2000 to 3000
13.04.2013 11:57:07 INFO  [main] de.uni_leipzig.simba.query.SparqlQueryModule.fillCache(SparqlQueryModule.java:145): Getting statements 3000 to 4000
13.04.2013 11:57:08 INFO  [main] de.uni_leipzig.simba.query.SparqlQueryModule.fillCache(SparqlQueryModule.java:145): Getting statements 4000 to 5000
13.04.2013 11:57:08 INFO  [main] de.uni_leipzig.simba.query.SparqlQueryModule.fillCache(SparqlQueryModule.java:145): Getting statements 5000 to 6000
13.04.2013 11:57:09 INFO  [main] de.uni_leipzig.simba.query.SparqlQueryModule.fillCache(SparqlQueryModule.java:145): Getting statements 6000 to 7000
13.04.2013 11:57:10 INFO  [main] de.uni_leipzig.simba.query.SparqlQueryModule.fillCache(SparqlQueryModule.java:145): Getting statements 7000 to 8000
13.04.2013 11:57:10 INFO  [main] de.uni_leipzig.simba.query.SparqlQueryModule.fillCache(SparqlQueryModule.java:145): Getting statements 8000 to 9000
13.04.2013 11:57:11 INFO  [main] de.uni_leipzig.simba.query.SparqlQueryModule.fillCache(SparqlQueryModule.java:145): Getting statements 9000 to 10000
13.04.2013 11:57:11 INFO  [main] de.uni_leipzig.simba.query.SparqlQueryModule.fillCache(SparqlQueryModule.java:145): Getting statements 10000 to 11000
13.04.2013 11:57:12 INFO  [main] de.uni_leipzig.simba.query.SparqlQueryModule.fillCache(SparqlQueryModule.java:145): Getting statements 11000 to 12000
13.04.2013 11:57:13 INFO  [main] de.uni_leipzig.simba.query.SparqlQueryModule.fillCache(SparqlQueryModule.java:145): Getting statements 12000 to 13000
13.04.2013 11:57:13 INFO  [main] de.uni_leipzig.simba.query.SparqlQueryModule.fillCache(SparqlQueryModule.java:145): Getting statements 13000 to 14000
13.04.2013 11:57:14 INFO  [main] de.uni_leipzig.simba.query.SparqlQueryModule.fillCache(SparqlQueryModule.java:145): Getting statements 14000 to 15000
13.04.2013 11:57:14 INFO  [main] de.uni_leipzig.simba.query.SparqlQueryModule.fillCache(SparqlQueryModule.java:145): Getting statements 15000 to 16000
13.04.2013 11:57:15 INFO  [main] de.uni_leipzig.simba.query.SparqlQueryModule.fillCache(SparqlQueryModule.java:145): Getting statements 16000 to 17000
13.04.2013 11:57:15 INFO  [main] de.uni_leipzig.simba.query.SparqlQueryModule.fillCache(SparqlQueryModule.java:241): Retrieved 15723 triples and 5057 entities.
13.04.2013 11:57:15 INFO  [main] de.uni_leipzig.simba.query.SparqlQueryModule.fillCache(SparqlQueryModule.java:242): Retrieving statements took 10.673 seconds.
13.04.2013 11:57:15 INFO  [main] de.uni_leipzig.simba.cache.HybridCache.saveToFile(HybridCache.java:176): Serializing 5057 objects to /media/A0621C46621C2416/Dumps/Level2/LinkingProcess/limes0.6RC2/cache/2120562316.ser
13.04.2013 11:57:21 INFO  [main] de.uni_leipzig.simba.controller.PPJoinController.run(PPJoinController.java:137): Loading target data ...
13.04.2013 11:57:21 INFO  [main] de.uni_leipzig.simba.cache.HybridCache.getData(HybridCache.java:243): No cached data found for drugsbank
13.04.2013 11:57:21 INFO  [main] de.uni_leipzig.simba.query.QueryModuleFactory.getQueryModule(QueryModuleFactory.java:19): Generating <sparql> reader
13.04.2013 11:57:21 INFO  [main] de.uni_leipzig.simba.query.SparqlQueryModule.fillCache(SparqlQueryModule.java:93): Properties are [rdfs:label, drug:genericName]
13.04.2013 11:57:21 INFO  [main] de.uni_leipzig.simba.query.SparqlQueryModule.fillCache(SparqlQueryModule.java:135): Query issued is 
PREFIX dc: <http://purl.org/dc/terms/>
PREFIX rdfs: <http://www.w3.org/2000/01/rdf-schema#>
PREFIX dbpedia-owl: <http://dbpedia.org/ontology/>
PREFIX foaf: <http://xmlns.com/foaf/0.1/>
PREFIX dbpedia-prop: <http://dbpedia.org/property/>
PREFIX owl: <http://www.w3.org/2002/07/owl#>
PREFIX rdf: <http://www.w3.org/1999/02/22-rdf-syntax-ns#>
PREFIX drug: <http://wifo5-04.informatik.uni-mannheim.de/drugbank/resource/drugbank/>
SELECT DISTINCT ?b ?v0 ?v1
WHERE {
?b rdf:type drug:drugs .
?b rdfs:label ?v0 .
?b drug:genericName ?v1 .
}
13.04.2013 11:57:21 INFO  [main] de.uni_leipzig.simba.query.SparqlQueryModule.fillCache(SparqlQueryModule.java:137): Querying the endpoint.
13.04.2013 11:57:21 INFO  [main] de.uni_leipzig.simba.query.SparqlQueryModule.fillCache(SparqlQueryModule.java:145): Getting statements 0 to 1000
13.04.2013 11:57:23 INFO  [main] de.uni_leipzig.simba.query.SparqlQueryModule.fillCache(SparqlQueryModule.java:145): Getting statements 1000 to 2000
13.04.2013 11:57:24 INFO  [main] de.uni_leipzig.simba.query.SparqlQueryModule.fillCache(SparqlQueryModule.java:145): Getting statements 2000 to 3000
13.04.2013 11:57:25 INFO  [main] de.uni_leipzig.simba.query.SparqlQueryModule.fillCache(SparqlQueryModule.java:145): Getting statements 3000 to 4000
13.04.2013 11:57:26 INFO  [main] de.uni_leipzig.simba.query.SparqlQueryModule.fillCache(SparqlQueryModule.java:145): Getting statements 4000 to 5000
13.04.2013 11:57:27 INFO  [main] de.uni_leipzig.simba.query.SparqlQueryModule.fillCache(SparqlQueryModule.java:145): Getting statements 5000 to 6000
13.04.2013 11:57:27 INFO  [main] de.uni_leipzig.simba.query.SparqlQueryModule.fillCache(SparqlQueryModule.java:241): Retrieved 4772 triples and 4772 entities.
13.04.2013 11:57:27 INFO  [main] de.uni_leipzig.simba.query.SparqlQueryModule.fillCache(SparqlQueryModule.java:242): Retrieving statements took 6.337 seconds.
13.04.2013 11:57:27 INFO  [main] de.uni_leipzig.simba.cache.HybridCache.saveToFile(HybridCache.java:176): Serializing 4772 objects to /media/A0621C46621C2416/Dumps/Level2/LinkingProcess/limes0.6RC2/cache/1587874524.ser
13.04.2013 11:57:35 INFO  [main] de.uni_leipzig.simba.controller.PPJoinController.run(PPJoinController.java:150): Getting links ...
13.04.2013 11:57:38 INFO  [main] de.uni_leipzig.simba.mapper.SimpleSetConstraintsMapper.mergeMaps(SimpleSetConstraintsMapper.java:141): Merging with MIN
13.04.2013 11:57:38 INFO  [main] de.uni_leipzig.simba.controller.PPJoinController.run(PPJoinController.java:153): Got links in 3311ms.
13.04.2013 11:57:38 INFO  [main] de.uni_leipzig.simba.io.SerializerFactory.getSerializer(SerializerFactory.java:21): Getting serializer with name NT
13.04.2013 11:57:38 INFO  [main] de.uni_leipzig.simba.io.SerializerFactory.getSerializer(SerializerFactory.java:27): Serializer with name NT not found. Using .nt as default format.
13.04.2013 11:57:38 INFO  [main] de.uni_leipzig.simba.controller.PPJoinController.run(PPJoinController.java:159): Using N3Serializer to serialize
13.04.2013 11:57:38 INFO  [main] de.uni_leipzig.simba.controller.PPJoinController.run(PPJoinController.java:178): Returned 365 links above acceptance threshold.
13.04.2013 11:57:38 INFO  [main] de.uni_leipzig.simba.controller.PPJoinController.run(PPJoinController.java:179): Returned 0 links to review.
13.04.2013 11:57:38 INFO  [main] de.uni_leipzig.simba.controller.PPJoinController.run(PPJoinController.java:186): Mapping carried out in 34.039 seconds
13.04.2013 11:57:38 INFO  [main] de.uni_leipzig.simba.controller.PPJoinController.run(PPJoinController.java:187): Done.
