06.01.2017 09:39:22 INFO  [main] de.uni_leipzig.simba.controller.PPJoinController.run(PPJoinController.java:135): ID: dbpedia
Var: ?a
Prefixes: {umbel-sc=http://umbel.org/umbel/sc/, wgs84=http://www.w3.org/2003/01/geo/wgs84_pos#, mo=http://purl.org/ontology/mo/, geonames=http://www.geonames.org/ontology#, dbpedia-owl=http://dbpedia.org/ontology/, owl=http://www.w3.org/2002/07/owl#, hcterms=http://purl.org/uF/hCard/terms/, yago=http://dbpedia.org/class/yago/, skos=http://www.w3.org/2004/02/skos/core#, dbpedia=http://dbpedia.org/ontology/, rdfs=http://www.w3.org/2000/01/rdf-schema#, dbpedia-prop=http://dbpedia.org/property/, linkedmdb=http://data.linkedmdb.org/resource/movie/, geo=http://www.w3.org/2003/01/geo/wgs84_pos#, linkedgeodata=http://linkedgeodata.org/triplify/, lgdo=http://linkedgeodata.org/ontology/, rdf=http://www.w3.org/1999/02/22-rdf-syntax-ns#, lgdp=http://linkedgeodata.org/property/, v=http://www.w3.org/2006/vcard/ns#, dctype=http://purl.org/dc/dcmitype/, diseasome=http://www4.wiwiss.fu-berlin.de/diseasome/resource/diseasome/, foaf=http://xmlns.com/foaf/0.1/, sider=http://www4.wiwiss.fu-berlin.de/sider/resource/sider/, dc=http://purl.org/dc/terms/}
Endpoint: http://dbpedia.org/sparql
Graph: null
Restrictions: [?a rdf:type dbpedia:Disease]
Properties: [foaf:name, rdfs:label]
Functions: {foaf:name={foaf:name=lowercase}, rdfs:label={rdfs:label=lowercase}}
Page size: 1000
Type: sparql

06.01.2017 09:39:22 INFO  [main] de.uni_leipzig.simba.controller.PPJoinController.run(PPJoinController.java:136): ID: sider
Var: ?b
Prefixes: {umbel-sc=http://umbel.org/umbel/sc/, wgs84=http://www.w3.org/2003/01/geo/wgs84_pos#, mo=http://purl.org/ontology/mo/, geonames=http://www.geonames.org/ontology#, dbpedia-owl=http://dbpedia.org/ontology/, owl=http://www.w3.org/2002/07/owl#, hcterms=http://purl.org/uF/hCard/terms/, yago=http://dbpedia.org/class/yago/, skos=http://www.w3.org/2004/02/skos/core#, dbpedia=http://dbpedia.org/ontology/, rdfs=http://www.w3.org/2000/01/rdf-schema#, dbpedia-prop=http://dbpedia.org/property/, linkedmdb=http://data.linkedmdb.org/resource/movie/, geo=http://www.w3.org/2003/01/geo/wgs84_pos#, linkedgeodata=http://linkedgeodata.org/triplify/, lgdo=http://linkedgeodata.org/ontology/, rdf=http://www.w3.org/1999/02/22-rdf-syntax-ns#, lgdp=http://linkedgeodata.org/property/, v=http://www.w3.org/2006/vcard/ns#, dctype=http://purl.org/dc/dcmitype/, diseasome=http://www4.wiwiss.fu-berlin.de/diseasome/resource/diseasome/, foaf=http://xmlns.com/foaf/0.1/, sider=http://www4.wiwiss.fu-berlin.de/sider/resource/sider/, dc=http://purl.org/dc/terms/}
Endpoint: /media/mofeed/A0621C46621C24164/03_Work/AllDumps/Sider/sider_dump.nt
Graph: null
Restrictions: [?b rdf:type sider:side_effects]
Properties: [rdfs:label, sider:sideEffectName]
Functions: {sider:sideEffectName={sider:sideEffectName=lowercase}, rdfs:label={rdfs:label=lowercase}}
Page size: -1
Type: nt

06.01.2017 09:39:22 INFO  [main] de.uni_leipzig.simba.controller.PPJoinController.run(PPJoinController.java:141): Loading source data ...
06.01.2017 09:39:22 INFO  [main] de.uni_leipzig.simba.cache.HybridCache.getData(HybridCache.java:232): Checking for file /media/mofeed/A0621C46621C24164/TransferLearningCollections/00-AllSpecsCashing/cache/-309348385.ser
06.01.2017 09:39:22 INFO  [main] de.uni_leipzig.simba.cache.HybridCache.getData(HybridCache.java:235): Found cached data. Loading data from file /media/mofeed/A0621C46621C24164/TransferLearningCollections/00-AllSpecsCashing/cache/-309348385.ser
06.01.2017 09:39:22 INFO  [main] de.uni_leipzig.simba.cache.HybridCache.getData(HybridCache.java:241): Cached data loaded successfully from file /media/mofeed/A0621C46621C24164/TransferLearningCollections/00-AllSpecsCashing/cache/-309348385.ser
06.01.2017 09:39:22 INFO  [main] de.uni_leipzig.simba.cache.HybridCache.getData(HybridCache.java:242): Size = 4779
06.01.2017 09:39:22 INFO  [main] de.uni_leipzig.simba.controller.PPJoinController.run(PPJoinController.java:146): Loading target data ...
06.01.2017 09:39:22 INFO  [main] de.uni_leipzig.simba.cache.HybridCache.getData(HybridCache.java:232): Checking for file /media/mofeed/A0621C46621C24164/TransferLearningCollections/00-AllSpecsCashing/cache/1224295667.ser
06.01.2017 09:39:23 INFO  [main] de.uni_leipzig.simba.cache.HybridCache.getData(HybridCache.java:248): No cached data found for sider
06.01.2017 09:39:23 INFO  [main] de.uni_leipzig.simba.query.QueryModuleFactory.getQueryModule(QueryModuleFactory.java:19): Generating <nt> reader
06.01.2017 09:39:33 INFO  [main] de.uni_leipzig.simba.query.FileQueryModule.<init>(FileQueryModule.java:56): RDF model read from /media/mofeed/A0621C46621C24164/03_Work/AllDumps/Sider/sider_dump.nt is of size 101542
06.01.2017 09:39:33 INFO  [main] de.uni_leipzig.simba.query.ModelRegistry.register(ModelRegistry.java:34): Registry = [/media/mofeed/A0621C46621C24164/03_Work/AllDumps/Sider/sider_dump.nt]
06.01.2017 09:39:33 INFO  [main] de.uni_leipzig.simba.query.SparqlQueryModule.fillCache(SparqlQueryModule.java:93): Properties are [rdfs:label, sider:sideEffectName]
06.01.2017 09:39:33 INFO  [main] de.uni_leipzig.simba.query.SparqlQueryModule.fillCache(SparqlQueryModule.java:139): Query issued is 
PREFIX umbel-sc: <http://umbel.org/umbel/sc/>
PREFIX wgs84: <http://www.w3.org/2003/01/geo/wgs84_pos#>
PREFIX mo: <http://purl.org/ontology/mo/>
PREFIX geonames: <http://www.geonames.org/ontology#>
PREFIX dbpedia-owl: <http://dbpedia.org/ontology/>
PREFIX owl: <http://www.w3.org/2002/07/owl#>
PREFIX hcterms: <http://purl.org/uF/hCard/terms/>
PREFIX yago: <http://dbpedia.org/class/yago/>
PREFIX skos: <http://www.w3.org/2004/02/skos/core#>
PREFIX dbpedia: <http://dbpedia.org/ontology/>
PREFIX rdfs: <http://www.w3.org/2000/01/rdf-schema#>
PREFIX dbpedia-prop: <http://dbpedia.org/property/>
PREFIX linkedmdb: <http://data.linkedmdb.org/resource/movie/>
PREFIX geo: <http://www.w3.org/2003/01/geo/wgs84_pos#>
PREFIX linkedgeodata: <http://linkedgeodata.org/triplify/>
PREFIX lgdo: <http://linkedgeodata.org/ontology/>
PREFIX rdf: <http://www.w3.org/1999/02/22-rdf-syntax-ns#>
PREFIX lgdp: <http://linkedgeodata.org/property/>
PREFIX v: <http://www.w3.org/2006/vcard/ns#>
PREFIX dctype: <http://purl.org/dc/dcmitype/>
PREFIX diseasome: <http://www4.wiwiss.fu-berlin.de/diseasome/resource/diseasome/>
PREFIX foaf: <http://xmlns.com/foaf/0.1/>
PREFIX sider: <http://www4.wiwiss.fu-berlin.de/sider/resource/sider/>
PREFIX dc: <http://purl.org/dc/terms/>
SELECT DISTINCT ?b ?v0 ?v1
WHERE {
?b rdf:type sider:side_effects .
?b rdfs:label ?v0 .
?b sider:sideEffectName ?v1 .
}
06.01.2017 09:39:33 INFO  [main] de.uni_leipzig.simba.query.SparqlQueryModule.fillCache(SparqlQueryModule.java:141): Querying the endpoint.
06.01.2017 09:39:33 INFO  [main] de.uni_leipzig.simba.query.SparqlQueryModule.fillCache(SparqlQueryModule.java:149): Getting statements 0 to -1
06.01.2017 09:39:33 INFO  [main] de.uni_leipzig.simba.query.SparqlQueryModule.fillCache(SparqlQueryModule.java:248): Retrieved 2400 triples and 1737 entities.
06.01.2017 09:39:33 INFO  [main] de.uni_leipzig.simba.query.SparqlQueryModule.fillCache(SparqlQueryModule.java:249): Retrieving statements took 0.598 seconds.
06.01.2017 09:39:33 INFO  [main] de.uni_leipzig.simba.cache.HybridCache.saveToFile(HybridCache.java:179): Serializing 1737 objects to /media/mofeed/A0621C46621C24164/TransferLearningCollections/00-AllSpecsCashing/cache/1224295667.ser
06.01.2017 09:39:35 INFO  [main] de.uni_leipzig.simba.controller.PPJoinController.run(PPJoinController.java:159): Getting links ...
06.01.2017 09:39:39 INFO  [main] de.uni_leipzig.simba.mapper.SimpleSetConstraintsMapper.mergeMaps(SimpleSetConstraintsMapper.java:138): Merging with MAX
06.01.2017 09:39:39 INFO  [main] de.uni_leipzig.simba.mapper.SimpleSetConstraintsMapper.mergeMaps(SimpleSetConstraintsMapper.java:138): Merging with MAX
06.01.2017 09:39:39 INFO  [main] de.uni_leipzig.simba.mapper.SimpleSetConstraintsMapper.mergeMaps(SimpleSetConstraintsMapper.java:138): Merging with MAX
06.01.2017 09:39:39 INFO  [main] de.uni_leipzig.simba.controller.PPJoinController.run(PPJoinController.java:162): Got links in 4464ms.
06.01.2017 09:39:39 INFO  [main] de.uni_leipzig.simba.io.SerializerFactory.getSerializer(SerializerFactory.java:22): Getting serializer with name NT
06.01.2017 09:39:39 INFO  [main] de.uni_leipzig.simba.controller.PPJoinController.run(PPJoinController.java:172): Using N3Serializer to serialize
06.01.2017 09:39:39 INFO  [main] de.uni_leipzig.simba.controller.PPJoinController.run(PPJoinController.java:191): Returned 18 links above acceptance threshold.
06.01.2017 09:39:39 INFO  [main] de.uni_leipzig.simba.controller.PPJoinController.run(PPJoinController.java:192): Returned 0 links to review.
06.01.2017 09:39:39 INFO  [main] de.uni_leipzig.simba.controller.PPJoinController.run(PPJoinController.java:199): Mapping carried out in 18.064 seconds
06.01.2017 09:39:39 INFO  [main] de.uni_leipzig.simba.controller.PPJoinController.run(PPJoinController.java:200): Done.
