16.01.2017 20:36:15 INFO  [main] de.uni_leipzig.simba.controller.PPJoinController.run(PPJoinController.java:135): ID: dbpedia
Var: ?a
Prefixes: {dbpedia-owl=http://dbpedia.org/ontology/, rdf=http://www.w3.org/1999/02/22-rdf-syntax-ns#, owl=http://www.w3.org/2002/07/owl#, rdfs=http://www.w3.org/2000/01/rdf-schema#, dbpedia-prop=http://dbpedia.org/property/, linkedmdb=http://data.linkedmdb.org/resource/movie/, foaf=http://xmlns.com/foaf/0.1/, dc=http://purl.org/dc/terms/}
Endpoint: http://dbpedia.org/sparql
Graph: 
Restrictions: [?a rdf:type dbpedia-owl:Film]
Properties: [rdfs:label, dbpedia-owl:director/rdfs:label, dbpedia-owl:releaseDate]
Functions: {rdfs:label={rdfs:label=nolang->lowercase}, dbpedia-owl:releaseDate={dbpedia-owl:releaseDate=}, dbpedia-owl:director/rdfs:label={dbpedia-owl:director/rdfs:label=nolang->lowercase}}
Page size: 1000
Type: sparql

16.01.2017 20:36:15 INFO  [main] de.uni_leipzig.simba.controller.PPJoinController.run(PPJoinController.java:136): ID: linkedmdb
Var: ?b
Prefixes: {dbpedia-owl=http://dbpedia.org/ontology/, rdf=http://www.w3.org/1999/02/22-rdf-syntax-ns#, owl=http://www.w3.org/2002/07/owl#, rdfs=http://www.w3.org/2000/01/rdf-schema#, dbpedia-prop=http://dbpedia.org/property/, linkedmdb=http://data.linkedmdb.org/resource/movie/, foaf=http://xmlns.com/foaf/0.1/, dc=http://purl.org/dc/terms/}
Endpoint: http://data.linkedmdb.org/sparql
Graph: 0
Restrictions: [?b rdf:type linkedmdb:film]
Properties: [rdfs:label, linkedmdb:director/rdfs:label, linkedmdb:initial_release_date]
Functions: {rdfs:label={rdfs:label=nolang->lowercase}, linkedmdb:initial_release_date={linkedmdb:initial_release_date=}, linkedmdb:director/rdfs:label={linkedmdb:director/rdfs:label=nolang->lowercase}}
Page size: 1000
Type: sparql

16.01.2017 20:36:15 INFO  [main] de.uni_leipzig.simba.controller.PPJoinController.run(PPJoinController.java:141): Loading source data ...
16.01.2017 20:36:15 INFO  [main] de.uni_leipzig.simba.cache.HybridCache.getData(HybridCache.java:232): Checking for file /home/MofeedHassan/TransferLearning/LIMES/cache/1608867271.ser
16.01.2017 20:36:15 INFO  [main] de.uni_leipzig.simba.cache.HybridCache.getData(HybridCache.java:248): No cached data found for dbpedia
16.01.2017 20:36:15 INFO  [main] de.uni_leipzig.simba.query.QueryModuleFactory.getQueryModule(QueryModuleFactory.java:19): Generating <sparql> reader
16.01.2017 20:36:15 INFO  [main] de.uni_leipzig.simba.query.SparqlQueryModule.fillCache(SparqlQueryModule.java:93): Properties are [rdfs:label, dbpedia-owl:director/rdfs:label, dbpedia-owl:releaseDate]
16.01.2017 20:36:15 INFO  [main] de.uni_leipzig.simba.query.SparqlQueryModule.fillCache(SparqlQueryModule.java:139): Query issued is 
PREFIX dbpedia-owl: <http://dbpedia.org/ontology/>
PREFIX rdf: <http://www.w3.org/1999/02/22-rdf-syntax-ns#>
PREFIX owl: <http://www.w3.org/2002/07/owl#>
PREFIX rdfs: <http://www.w3.org/2000/01/rdf-schema#>
PREFIX dbpedia-prop: <http://dbpedia.org/property/>
PREFIX linkedmdb: <http://data.linkedmdb.org/resource/movie/>
PREFIX foaf: <http://xmlns.com/foaf/0.1/>
PREFIX dc: <http://purl.org/dc/terms/>
SELECT DISTINCT ?a ?v0 ?v1 ?v2
WHERE {
?a rdf:type dbpedia-owl:Film .
?a rdfs:label ?v0 .
?a dbpedia-owl:director ?w1 .
?w1 rdfs:label ?v1 .
?a dbpedia-owl:releaseDate ?v2 .
}
16.01.2017 20:36:15 INFO  [main] de.uni_leipzig.simba.query.SparqlQueryModule.fillCache(SparqlQueryModule.java:141): Querying the endpoint.
16.01.2017 20:36:15 INFO  [main] de.uni_leipzig.simba.query.SparqlQueryModule.fillCache(SparqlQueryModule.java:149): Getting statements 0 to 1000
16.01.2017 20:36:16 INFO  [main] de.uni_leipzig.simba.query.SparqlQueryModule.fillCache(SparqlQueryModule.java:149): Getting statements 1000 to 2000
16.01.2017 20:36:16 INFO  [main] de.uni_leipzig.simba.query.SparqlQueryModule.fillCache(SparqlQueryModule.java:149): Getting statements 2000 to 3000
16.01.2017 20:36:16 INFO  [main] de.uni_leipzig.simba.query.SparqlQueryModule.fillCache(SparqlQueryModule.java:149): Getting statements 3000 to 4000
16.01.2017 20:36:16 INFO  [main] de.uni_leipzig.simba.query.SparqlQueryModule.fillCache(SparqlQueryModule.java:149): Getting statements 4000 to 5000
16.01.2017 20:36:16 INFO  [main] de.uni_leipzig.simba.query.SparqlQueryModule.fillCache(SparqlQueryModule.java:149): Getting statements 5000 to 6000
16.01.2017 20:36:16 INFO  [main] de.uni_leipzig.simba.query.SparqlQueryModule.fillCache(SparqlQueryModule.java:149): Getting statements 6000 to 7000
16.01.2017 20:36:16 INFO  [main] de.uni_leipzig.simba.query.SparqlQueryModule.fillCache(SparqlQueryModule.java:149): Getting statements 7000 to 8000
16.01.2017 20:36:16 INFO  [main] de.uni_leipzig.simba.query.SparqlQueryModule.fillCache(SparqlQueryModule.java:149): Getting statements 8000 to 9000
16.01.2017 20:36:16 INFO  [main] de.uni_leipzig.simba.query.SparqlQueryModule.fillCache(SparqlQueryModule.java:149): Getting statements 9000 to 10000
16.01.2017 20:36:16 INFO  [main] de.uni_leipzig.simba.query.SparqlQueryModule.fillCache(SparqlQueryModule.java:149): Getting statements 10000 to 11000
16.01.2017 20:36:16 INFO  [main] de.uni_leipzig.simba.query.SparqlQueryModule.fillCache(SparqlQueryModule.java:149): Getting statements 11000 to 12000
16.01.2017 20:36:17 INFO  [main] de.uni_leipzig.simba.query.SparqlQueryModule.fillCache(SparqlQueryModule.java:149): Getting statements 12000 to 13000
16.01.2017 20:36:17 INFO  [main] de.uni_leipzig.simba.query.SparqlQueryModule.fillCache(SparqlQueryModule.java:149): Getting statements 13000 to 14000
16.01.2017 20:36:17 INFO  [main] de.uni_leipzig.simba.query.SparqlQueryModule.fillCache(SparqlQueryModule.java:149): Getting statements 14000 to 15000
16.01.2017 20:36:17 INFO  [main] de.uni_leipzig.simba.query.SparqlQueryModule.fillCache(SparqlQueryModule.java:149): Getting statements 15000 to 16000
16.01.2017 20:36:17 INFO  [main] de.uni_leipzig.simba.query.SparqlQueryModule.fillCache(SparqlQueryModule.java:149): Getting statements 16000 to 17000
16.01.2017 20:36:17 INFO  [main] de.uni_leipzig.simba.query.SparqlQueryModule.fillCache(SparqlQueryModule.java:149): Getting statements 17000 to 18000
16.01.2017 20:36:17 INFO  [main] de.uni_leipzig.simba.query.SparqlQueryModule.fillCache(SparqlQueryModule.java:149): Getting statements 18000 to 19000
16.01.2017 20:36:17 INFO  [main] de.uni_leipzig.simba.query.SparqlQueryModule.fillCache(SparqlQueryModule.java:149): Getting statements 19000 to 20000
16.01.2017 20:36:17 INFO  [main] de.uni_leipzig.simba.query.SparqlQueryModule.fillCache(SparqlQueryModule.java:149): Getting statements 20000 to 21000
16.01.2017 20:36:17 INFO  [main] de.uni_leipzig.simba.query.SparqlQueryModule.fillCache(SparqlQueryModule.java:149): Getting statements 21000 to 22000
16.01.2017 20:36:17 INFO  [main] de.uni_leipzig.simba.query.SparqlQueryModule.fillCache(SparqlQueryModule.java:149): Getting statements 22000 to 23000
16.01.2017 20:36:17 INFO  [main] de.uni_leipzig.simba.query.SparqlQueryModule.fillCache(SparqlQueryModule.java:149): Getting statements 23000 to 24000
16.01.2017 20:36:17 INFO  [main] de.uni_leipzig.simba.query.SparqlQueryModule.fillCache(SparqlQueryModule.java:149): Getting statements 24000 to 25000
16.01.2017 20:36:18 INFO  [main] de.uni_leipzig.simba.query.SparqlQueryModule.fillCache(SparqlQueryModule.java:149): Getting statements 25000 to 26000
16.01.2017 20:36:18 INFO  [main] de.uni_leipzig.simba.query.SparqlQueryModule.fillCache(SparqlQueryModule.java:149): Getting statements 26000 to 27000
16.01.2017 20:36:18 INFO  [main] de.uni_leipzig.simba.query.SparqlQueryModule.fillCache(SparqlQueryModule.java:149): Getting statements 27000 to 28000
16.01.2017 20:36:18 INFO  [main] de.uni_leipzig.simba.query.SparqlQueryModule.fillCache(SparqlQueryModule.java:149): Getting statements 28000 to 29000
16.01.2017 20:36:18 INFO  [main] de.uni_leipzig.simba.query.SparqlQueryModule.fillCache(SparqlQueryModule.java:149): Getting statements 29000 to 30000
16.01.2017 20:36:18 INFO  [main] de.uni_leipzig.simba.query.SparqlQueryModule.fillCache(SparqlQueryModule.java:149): Getting statements 30000 to 31000
16.01.2017 20:36:18 INFO  [main] de.uni_leipzig.simba.query.SparqlQueryModule.fillCache(SparqlQueryModule.java:149): Getting statements 31000 to 32000
16.01.2017 20:36:18 INFO  [main] de.uni_leipzig.simba.query.SparqlQueryModule.fillCache(SparqlQueryModule.java:149): Getting statements 32000 to 33000
16.01.2017 20:36:18 INFO  [main] de.uni_leipzig.simba.query.SparqlQueryModule.fillCache(SparqlQueryModule.java:149): Getting statements 33000 to 34000
16.01.2017 20:36:18 INFO  [main] de.uni_leipzig.simba.query.SparqlQueryModule.fillCache(SparqlQueryModule.java:149): Getting statements 34000 to 35000
16.01.2017 20:36:18 INFO  [main] de.uni_leipzig.simba.query.SparqlQueryModule.fillCache(SparqlQueryModule.java:149): Getting statements 35000 to 36000
16.01.2017 20:36:18 INFO  [main] de.uni_leipzig.simba.query.SparqlQueryModule.fillCache(SparqlQueryModule.java:149): Getting statements 36000 to 37000
16.01.2017 20:36:19 INFO  [main] de.uni_leipzig.simba.query.SparqlQueryModule.fillCache(SparqlQueryModule.java:149): Getting statements 37000 to 38000
16.01.2017 20:36:19 INFO  [main] de.uni_leipzig.simba.query.SparqlQueryModule.fillCache(SparqlQueryModule.java:149): Getting statements 38000 to 39000
16.01.2017 20:36:19 INFO  [main] de.uni_leipzig.simba.query.SparqlQueryModule.fillCache(SparqlQueryModule.java:149): Getting statements 39000 to 40000
16.01.2017 20:36:19 INFO  [main] de.uni_leipzig.simba.query.SparqlQueryModule.fillCache(SparqlQueryModule.java:149): Getting statements 40000 to 41000
16.01.2017 20:36:19 INFO  [main] de.uni_leipzig.simba.query.SparqlQueryModule.fillCache(SparqlQueryModule.java:149): Getting statements 41000 to 42000
16.01.2017 20:36:19 INFO  [main] de.uni_leipzig.simba.query.SparqlQueryModule.fillCache(SparqlQueryModule.java:149): Getting statements 42000 to 43000
16.01.2017 20:36:19 INFO  [main] de.uni_leipzig.simba.query.SparqlQueryModule.fillCache(SparqlQueryModule.java:149): Getting statements 43000 to 44000
16.01.2017 20:36:19 INFO  [main] de.uni_leipzig.simba.query.SparqlQueryModule.fillCache(SparqlQueryModule.java:149): Getting statements 44000 to 45000
16.01.2017 20:36:19 INFO  [main] de.uni_leipzig.simba.query.SparqlQueryModule.fillCache(SparqlQueryModule.java:149): Getting statements 45000 to 46000
16.01.2017 20:36:19 INFO  [main] de.uni_leipzig.simba.query.SparqlQueryModule.fillCache(SparqlQueryModule.java:149): Getting statements 46000 to 47000
16.01.2017 20:36:20 INFO  [main] de.uni_leipzig.simba.query.SparqlQueryModule.fillCache(SparqlQueryModule.java:149): Getting statements 47000 to 48000
16.01.2017 20:36:20 INFO  [main] de.uni_leipzig.simba.query.SparqlQueryModule.fillCache(SparqlQueryModule.java:149): Getting statements 48000 to 49000
16.01.2017 20:36:20 INFO  [main] de.uni_leipzig.simba.query.SparqlQueryModule.fillCache(SparqlQueryModule.java:149): Getting statements 49000 to 50000
16.01.2017 20:36:20 INFO  [main] de.uni_leipzig.simba.query.SparqlQueryModule.fillCache(SparqlQueryModule.java:149): Getting statements 50000 to 51000
16.01.2017 20:36:20 INFO  [main] de.uni_leipzig.simba.query.SparqlQueryModule.fillCache(SparqlQueryModule.java:149): Getting statements 51000 to 52000
16.01.2017 20:36:20 INFO  [main] de.uni_leipzig.simba.query.SparqlQueryModule.fillCache(SparqlQueryModule.java:149): Getting statements 52000 to 53000
16.01.2017 20:36:20 INFO  [main] de.uni_leipzig.simba.query.SparqlQueryModule.fillCache(SparqlQueryModule.java:149): Getting statements 53000 to 54000
16.01.2017 20:36:20 INFO  [main] de.uni_leipzig.simba.query.SparqlQueryModule.fillCache(SparqlQueryModule.java:149): Getting statements 54000 to 55000
16.01.2017 20:36:20 INFO  [main] de.uni_leipzig.simba.query.SparqlQueryModule.fillCache(SparqlQueryModule.java:149): Getting statements 55000 to 56000
16.01.2017 20:36:20 INFO  [main] de.uni_leipzig.simba.query.SparqlQueryModule.fillCache(SparqlQueryModule.java:149): Getting statements 56000 to 57000
16.01.2017 20:36:21 INFO  [main] de.uni_leipzig.simba.query.SparqlQueryModule.fillCache(SparqlQueryModule.java:149): Getting statements 57000 to 58000
16.01.2017 20:36:21 INFO  [main] de.uni_leipzig.simba.query.SparqlQueryModule.fillCache(SparqlQueryModule.java:149): Getting statements 58000 to 59000
16.01.2017 20:36:21 INFO  [main] de.uni_leipzig.simba.query.SparqlQueryModule.fillCache(SparqlQueryModule.java:149): Getting statements 59000 to 60000
16.01.2017 20:36:21 INFO  [main] de.uni_leipzig.simba.query.SparqlQueryModule.fillCache(SparqlQueryModule.java:149): Getting statements 60000 to 61000
16.01.2017 20:36:21 INFO  [main] de.uni_leipzig.simba.query.SparqlQueryModule.fillCache(SparqlQueryModule.java:149): Getting statements 61000 to 62000
16.01.2017 20:36:21 INFO  [main] de.uni_leipzig.simba.query.SparqlQueryModule.fillCache(SparqlQueryModule.java:149): Getting statements 62000 to 63000
16.01.2017 20:36:21 INFO  [main] de.uni_leipzig.simba.query.SparqlQueryModule.fillCache(SparqlQueryModule.java:149): Getting statements 63000 to 64000
16.01.2017 20:36:21 INFO  [main] de.uni_leipzig.simba.query.SparqlQueryModule.fillCache(SparqlQueryModule.java:149): Getting statements 64000 to 65000
16.01.2017 20:36:21 INFO  [main] de.uni_leipzig.simba.query.SparqlQueryModule.fillCache(SparqlQueryModule.java:149): Getting statements 65000 to 66000
16.01.2017 20:36:21 INFO  [main] de.uni_leipzig.simba.query.SparqlQueryModule.fillCache(SparqlQueryModule.java:149): Getting statements 66000 to 67000
16.01.2017 20:36:22 INFO  [main] de.uni_leipzig.simba.query.SparqlQueryModule.fillCache(SparqlQueryModule.java:149): Getting statements 67000 to 68000
16.01.2017 20:36:22 INFO  [main] de.uni_leipzig.simba.query.SparqlQueryModule.fillCache(SparqlQueryModule.java:149): Getting statements 68000 to 69000
16.01.2017 20:36:22 INFO  [main] de.uni_leipzig.simba.query.SparqlQueryModule.fillCache(SparqlQueryModule.java:149): Getting statements 69000 to 70000
16.01.2017 20:36:22 INFO  [main] de.uni_leipzig.simba.query.SparqlQueryModule.fillCache(SparqlQueryModule.java:149): Getting statements 70000 to 71000
16.01.2017 20:36:22 INFO  [main] de.uni_leipzig.simba.query.SparqlQueryModule.fillCache(SparqlQueryModule.java:149): Getting statements 71000 to 72000
16.01.2017 20:36:22 INFO  [main] de.uni_leipzig.simba.query.SparqlQueryModule.fillCache(SparqlQueryModule.java:149): Getting statements 72000 to 73000
16.01.2017 20:36:22 INFO  [main] de.uni_leipzig.simba.query.SparqlQueryModule.fillCache(SparqlQueryModule.java:149): Getting statements 73000 to 74000
16.01.2017 20:36:22 INFO  [main] de.uni_leipzig.simba.query.SparqlQueryModule.fillCache(SparqlQueryModule.java:149): Getting statements 74000 to 75000
16.01.2017 20:36:22 INFO  [main] de.uni_leipzig.simba.query.SparqlQueryModule.fillCache(SparqlQueryModule.java:149): Getting statements 75000 to 76000
16.01.2017 20:36:22 INFO  [main] de.uni_leipzig.simba.query.SparqlQueryModule.fillCache(SparqlQueryModule.java:149): Getting statements 76000 to 77000
16.01.2017 20:36:22 INFO  [main] de.uni_leipzig.simba.query.SparqlQueryModule.fillCache(SparqlQueryModule.java:149): Getting statements 77000 to 78000
16.01.2017 20:36:23 INFO  [main] de.uni_leipzig.simba.query.SparqlQueryModule.fillCache(SparqlQueryModule.java:149): Getting statements 78000 to 79000
16.01.2017 20:36:23 INFO  [main] de.uni_leipzig.simba.query.SparqlQueryModule.fillCache(SparqlQueryModule.java:149): Getting statements 79000 to 80000
16.01.2017 20:36:23 INFO  [main] de.uni_leipzig.simba.query.SparqlQueryModule.fillCache(SparqlQueryModule.java:149): Getting statements 80000 to 81000
16.01.2017 20:36:23 INFO  [main] de.uni_leipzig.simba.query.SparqlQueryModule.fillCache(SparqlQueryModule.java:149): Getting statements 81000 to 82000
16.01.2017 20:36:23 INFO  [main] de.uni_leipzig.simba.query.SparqlQueryModule.fillCache(SparqlQueryModule.java:149): Getting statements 82000 to 83000
16.01.2017 20:36:23 INFO  [main] de.uni_leipzig.simba.query.SparqlQueryModule.fillCache(SparqlQueryModule.java:149): Getting statements 83000 to 84000
16.01.2017 20:36:23 INFO  [main] de.uni_leipzig.simba.query.SparqlQueryModule.fillCache(SparqlQueryModule.java:149): Getting statements 84000 to 85000
16.01.2017 20:36:23 INFO  [main] de.uni_leipzig.simba.query.SparqlQueryModule.fillCache(SparqlQueryModule.java:149): Getting statements 85000 to 86000
16.01.2017 20:36:23 INFO  [main] de.uni_leipzig.simba.query.SparqlQueryModule.fillCache(SparqlQueryModule.java:149): Getting statements 86000 to 87000
16.01.2017 20:36:23 INFO  [main] de.uni_leipzig.simba.query.SparqlQueryModule.fillCache(SparqlQueryModule.java:149): Getting statements 87000 to 88000
16.01.2017 20:36:24 INFO  [main] de.uni_leipzig.simba.query.SparqlQueryModule.fillCache(SparqlQueryModule.java:149): Getting statements 88000 to 89000
16.01.2017 20:36:24 INFO  [main] de.uni_leipzig.simba.query.SparqlQueryModule.fillCache(SparqlQueryModule.java:149): Getting statements 89000 to 90000
16.01.2017 20:36:24 INFO  [main] de.uni_leipzig.simba.query.SparqlQueryModule.fillCache(SparqlQueryModule.java:149): Getting statements 90000 to 91000
16.01.2017 20:36:24 INFO  [main] de.uni_leipzig.simba.query.SparqlQueryModule.fillCache(SparqlQueryModule.java:149): Getting statements 91000 to 92000
16.01.2017 20:36:24 INFO  [main] de.uni_leipzig.simba.query.SparqlQueryModule.fillCache(SparqlQueryModule.java:149): Getting statements 92000 to 93000
16.01.2017 20:36:24 INFO  [main] de.uni_leipzig.simba.query.SparqlQueryModule.fillCache(SparqlQueryModule.java:149): Getting statements 93000 to 94000
16.01.2017 20:36:24 INFO  [main] de.uni_leipzig.simba.query.SparqlQueryModule.fillCache(SparqlQueryModule.java:149): Getting statements 94000 to 95000
16.01.2017 20:36:24 INFO  [main] de.uni_leipzig.simba.query.SparqlQueryModule.fillCache(SparqlQueryModule.java:149): Getting statements 95000 to 96000
16.01.2017 20:36:24 INFO  [main] de.uni_leipzig.simba.query.SparqlQueryModule.fillCache(SparqlQueryModule.java:149): Getting statements 96000 to 97000
16.01.2017 20:36:24 INFO  [main] de.uni_leipzig.simba.query.SparqlQueryModule.fillCache(SparqlQueryModule.java:149): Getting statements 97000 to 98000
16.01.2017 20:36:24 INFO  [main] de.uni_leipzig.simba.query.SparqlQueryModule.fillCache(SparqlQueryModule.java:149): Getting statements 98000 to 99000
16.01.2017 20:36:25 INFO  [main] de.uni_leipzig.simba.query.SparqlQueryModule.fillCache(SparqlQueryModule.java:149): Getting statements 99000 to 100000
16.01.2017 20:36:25 INFO  [main] de.uni_leipzig.simba.query.SparqlQueryModule.fillCache(SparqlQueryModule.java:149): Getting statements 100000 to 101000
16.01.2017 20:36:25 INFO  [main] de.uni_leipzig.simba.query.SparqlQueryModule.fillCache(SparqlQueryModule.java:149): Getting statements 101000 to 102000
16.01.2017 20:36:25 INFO  [main] de.uni_leipzig.simba.query.SparqlQueryModule.fillCache(SparqlQueryModule.java:149): Getting statements 102000 to 103000
16.01.2017 20:36:25 INFO  [main] de.uni_leipzig.simba.query.SparqlQueryModule.fillCache(SparqlQueryModule.java:149): Getting statements 103000 to 104000
16.01.2017 20:36:25 INFO  [main] de.uni_leipzig.simba.query.SparqlQueryModule.fillCache(SparqlQueryModule.java:149): Getting statements 104000 to 105000
16.01.2017 20:36:25 INFO  [main] de.uni_leipzig.simba.query.SparqlQueryModule.fillCache(SparqlQueryModule.java:149): Getting statements 105000 to 106000
16.01.2017 20:36:25 INFO  [main] de.uni_leipzig.simba.query.SparqlQueryModule.fillCache(SparqlQueryModule.java:149): Getting statements 106000 to 107000
16.01.2017 20:36:25 INFO  [main] de.uni_leipzig.simba.query.SparqlQueryModule.fillCache(SparqlQueryModule.java:149): Getting statements 107000 to 108000
16.01.2017 20:36:26 INFO  [main] de.uni_leipzig.simba.query.SparqlQueryModule.fillCache(SparqlQueryModule.java:149): Getting statements 108000 to 109000
16.01.2017 20:36:26 INFO  [main] de.uni_leipzig.simba.query.SparqlQueryModule.fillCache(SparqlQueryModule.java:149): Getting statements 109000 to 110000
16.01.2017 20:36:26 INFO  [main] de.uni_leipzig.simba.query.SparqlQueryModule.fillCache(SparqlQueryModule.java:149): Getting statements 110000 to 111000
16.01.2017 20:36:26 INFO  [main] de.uni_leipzig.simba.query.SparqlQueryModule.fillCache(SparqlQueryModule.java:149): Getting statements 111000 to 112000
16.01.2017 20:36:26 INFO  [main] de.uni_leipzig.simba.query.SparqlQueryModule.fillCache(SparqlQueryModule.java:149): Getting statements 112000 to 113000
16.01.2017 20:36:26 INFO  [main] de.uni_leipzig.simba.query.SparqlQueryModule.fillCache(SparqlQueryModule.java:149): Getting statements 113000 to 114000
16.01.2017 20:36:26 INFO  [main] de.uni_leipzig.simba.query.SparqlQueryModule.fillCache(SparqlQueryModule.java:149): Getting statements 114000 to 115000
16.01.2017 20:36:26 INFO  [main] de.uni_leipzig.simba.query.SparqlQueryModule.fillCache(SparqlQueryModule.java:149): Getting statements 115000 to 116000
16.01.2017 20:36:26 INFO  [main] de.uni_leipzig.simba.query.SparqlQueryModule.fillCache(SparqlQueryModule.java:149): Getting statements 116000 to 117000
16.01.2017 20:36:26 INFO  [main] de.uni_leipzig.simba.query.SparqlQueryModule.fillCache(SparqlQueryModule.java:149): Getting statements 117000 to 118000
16.01.2017 20:36:26 INFO  [main] de.uni_leipzig.simba.query.SparqlQueryModule.fillCache(SparqlQueryModule.java:149): Getting statements 118000 to 119000
16.01.2017 20:36:27 INFO  [main] de.uni_leipzig.simba.query.SparqlQueryModule.fillCache(SparqlQueryModule.java:149): Getting statements 119000 to 120000
16.01.2017 20:36:27 INFO  [main] de.uni_leipzig.simba.query.SparqlQueryModule.fillCache(SparqlQueryModule.java:149): Getting statements 120000 to 121000
16.01.2017 20:36:27 INFO  [main] de.uni_leipzig.simba.query.SparqlQueryModule.fillCache(SparqlQueryModule.java:149): Getting statements 121000 to 122000
16.01.2017 20:36:27 INFO  [main] de.uni_leipzig.simba.query.SparqlQueryModule.fillCache(SparqlQueryModule.java:149): Getting statements 122000 to 123000
16.01.2017 20:36:27 INFO  [main] de.uni_leipzig.simba.query.SparqlQueryModule.fillCache(SparqlQueryModule.java:149): Getting statements 123000 to 124000
16.01.2017 20:36:27 INFO  [main] de.uni_leipzig.simba.query.SparqlQueryModule.fillCache(SparqlQueryModule.java:149): Getting statements 124000 to 125000
16.01.2017 20:36:27 INFO  [main] de.uni_leipzig.simba.query.SparqlQueryModule.fillCache(SparqlQueryModule.java:149): Getting statements 125000 to 126000
16.01.2017 20:36:27 INFO  [main] de.uni_leipzig.simba.query.SparqlQueryModule.fillCache(SparqlQueryModule.java:149): Getting statements 126000 to 127000
16.01.2017 20:36:27 INFO  [main] de.uni_leipzig.simba.query.SparqlQueryModule.fillCache(SparqlQueryModule.java:149): Getting statements 127000 to 128000
16.01.2017 20:36:28 INFO  [main] de.uni_leipzig.simba.query.SparqlQueryModule.fillCache(SparqlQueryModule.java:149): Getting statements 128000 to 129000
16.01.2017 20:36:28 INFO  [main] de.uni_leipzig.simba.query.SparqlQueryModule.fillCache(SparqlQueryModule.java:149): Getting statements 129000 to 130000
16.01.2017 20:36:28 INFO  [main] de.uni_leipzig.simba.query.SparqlQueryModule.fillCache(SparqlQueryModule.java:149): Getting statements 130000 to 131000
16.01.2017 20:36:28 INFO  [main] de.uni_leipzig.simba.query.SparqlQueryModule.fillCache(SparqlQueryModule.java:149): Getting statements 131000 to 132000
16.01.2017 20:36:28 INFO  [main] de.uni_leipzig.simba.query.SparqlQueryModule.fillCache(SparqlQueryModule.java:149): Getting statements 132000 to 133000
16.01.2017 20:36:28 INFO  [main] de.uni_leipzig.simba.query.SparqlQueryModule.fillCache(SparqlQueryModule.java:149): Getting statements 133000 to 134000
16.01.2017 20:36:28 INFO  [main] de.uni_leipzig.simba.query.SparqlQueryModule.fillCache(SparqlQueryModule.java:149): Getting statements 134000 to 135000
16.01.2017 20:36:28 INFO  [main] de.uni_leipzig.simba.query.SparqlQueryModule.fillCache(SparqlQueryModule.java:149): Getting statements 135000 to 136000
16.01.2017 20:36:28 INFO  [main] de.uni_leipzig.simba.query.SparqlQueryModule.fillCache(SparqlQueryModule.java:149): Getting statements 136000 to 137000
16.01.2017 20:36:28 INFO  [main] de.uni_leipzig.simba.query.SparqlQueryModule.fillCache(SparqlQueryModule.java:149): Getting statements 137000 to 138000
16.01.2017 20:36:28 INFO  [main] de.uni_leipzig.simba.query.SparqlQueryModule.fillCache(SparqlQueryModule.java:149): Getting statements 138000 to 139000
16.01.2017 20:36:28 INFO  [main] de.uni_leipzig.simba.query.SparqlQueryModule.fillCache(SparqlQueryModule.java:149): Getting statements 139000 to 140000
16.01.2017 20:36:29 INFO  [main] de.uni_leipzig.simba.query.SparqlQueryModule.fillCache(SparqlQueryModule.java:149): Getting statements 140000 to 141000
16.01.2017 20:36:29 INFO  [main] de.uni_leipzig.simba.query.SparqlQueryModule.fillCache(SparqlQueryModule.java:149): Getting statements 141000 to 142000
16.01.2017 20:36:29 INFO  [main] de.uni_leipzig.simba.query.SparqlQueryModule.fillCache(SparqlQueryModule.java:149): Getting statements 142000 to 143000
16.01.2017 20:36:29 INFO  [main] de.uni_leipzig.simba.query.SparqlQueryModule.fillCache(SparqlQueryModule.java:149): Getting statements 143000 to 144000
16.01.2017 20:36:29 INFO  [main] de.uni_leipzig.simba.query.SparqlQueryModule.fillCache(SparqlQueryModule.java:149): Getting statements 144000 to 145000
16.01.2017 20:36:29 INFO  [main] de.uni_leipzig.simba.query.SparqlQueryModule.fillCache(SparqlQueryModule.java:149): Getting statements 145000 to 146000
16.01.2017 20:36:29 INFO  [main] de.uni_leipzig.simba.query.SparqlQueryModule.fillCache(SparqlQueryModule.java:149): Getting statements 146000 to 147000
16.01.2017 20:36:29 INFO  [main] de.uni_leipzig.simba.query.SparqlQueryModule.fillCache(SparqlQueryModule.java:149): Getting statements 147000 to 148000
16.01.2017 20:36:29 INFO  [main] de.uni_leipzig.simba.query.SparqlQueryModule.fillCache(SparqlQueryModule.java:149): Getting statements 148000 to 149000
16.01.2017 20:36:29 INFO  [main] de.uni_leipzig.simba.query.SparqlQueryModule.fillCache(SparqlQueryModule.java:149): Getting statements 149000 to 150000
16.01.2017 20:36:30 INFO  [main] de.uni_leipzig.simba.query.SparqlQueryModule.fillCache(SparqlQueryModule.java:149): Getting statements 150000 to 151000
16.01.2017 20:36:30 INFO  [main] de.uni_leipzig.simba.query.SparqlQueryModule.fillCache(SparqlQueryModule.java:149): Getting statements 151000 to 152000
16.01.2017 20:36:30 INFO  [main] de.uni_leipzig.simba.query.SparqlQueryModule.fillCache(SparqlQueryModule.java:149): Getting statements 152000 to 153000
16.01.2017 20:36:30 INFO  [main] de.uni_leipzig.simba.query.SparqlQueryModule.fillCache(SparqlQueryModule.java:149): Getting statements 153000 to 154000
16.01.2017 20:36:30 INFO  [main] de.uni_leipzig.simba.query.SparqlQueryModule.fillCache(SparqlQueryModule.java:149): Getting statements 154000 to 155000
16.01.2017 20:36:30 INFO  [main] de.uni_leipzig.simba.query.SparqlQueryModule.fillCache(SparqlQueryModule.java:149): Getting statements 155000 to 156000
16.01.2017 20:36:30 INFO  [main] de.uni_leipzig.simba.query.SparqlQueryModule.fillCache(SparqlQueryModule.java:149): Getting statements 156000 to 157000
16.01.2017 20:36:30 INFO  [main] de.uni_leipzig.simba.query.SparqlQueryModule.fillCache(SparqlQueryModule.java:149): Getting statements 157000 to 158000
16.01.2017 20:36:31 INFO  [main] de.uni_leipzig.simba.query.SparqlQueryModule.fillCache(SparqlQueryModule.java:149): Getting statements 158000 to 159000
16.01.2017 20:36:31 INFO  [main] de.uni_leipzig.simba.query.SparqlQueryModule.fillCache(SparqlQueryModule.java:149): Getting statements 159000 to 160000
16.01.2017 20:36:31 INFO  [main] de.uni_leipzig.simba.query.SparqlQueryModule.fillCache(SparqlQueryModule.java:149): Getting statements 160000 to 161000
16.01.2017 20:36:31 INFO  [main] de.uni_leipzig.simba.query.SparqlQueryModule.fillCache(SparqlQueryModule.java:149): Getting statements 161000 to 162000
16.01.2017 20:36:31 INFO  [main] de.uni_leipzig.simba.query.SparqlQueryModule.fillCache(SparqlQueryModule.java:149): Getting statements 162000 to 163000
16.01.2017 20:36:31 INFO  [main] de.uni_leipzig.simba.query.SparqlQueryModule.fillCache(SparqlQueryModule.java:149): Getting statements 163000 to 164000
16.01.2017 20:36:31 INFO  [main] de.uni_leipzig.simba.query.SparqlQueryModule.fillCache(SparqlQueryModule.java:149): Getting statements 164000 to 165000
16.01.2017 20:36:31 INFO  [main] de.uni_leipzig.simba.query.SparqlQueryModule.fillCache(SparqlQueryModule.java:149): Getting statements 165000 to 166000
16.01.2017 20:36:31 INFO  [main] de.uni_leipzig.simba.query.SparqlQueryModule.fillCache(SparqlQueryModule.java:149): Getting statements 166000 to 167000
16.01.2017 20:36:31 INFO  [main] de.uni_leipzig.simba.query.SparqlQueryModule.fillCache(SparqlQueryModule.java:149): Getting statements 167000 to 168000
16.01.2017 20:36:32 INFO  [main] de.uni_leipzig.simba.query.SparqlQueryModule.fillCache(SparqlQueryModule.java:149): Getting statements 168000 to 169000
16.01.2017 20:36:32 INFO  [main] de.uni_leipzig.simba.query.SparqlQueryModule.fillCache(SparqlQueryModule.java:149): Getting statements 169000 to 170000
16.01.2017 20:36:32 INFO  [main] de.uni_leipzig.simba.query.SparqlQueryModule.fillCache(SparqlQueryModule.java:149): Getting statements 170000 to 171000
16.01.2017 20:36:32 INFO  [main] de.uni_leipzig.simba.query.SparqlQueryModule.fillCache(SparqlQueryModule.java:149): Getting statements 171000 to 172000
16.01.2017 20:36:32 INFO  [main] de.uni_leipzig.simba.query.SparqlQueryModule.fillCache(SparqlQueryModule.java:149): Getting statements 172000 to 173000
16.01.2017 20:36:32 INFO  [main] de.uni_leipzig.simba.query.SparqlQueryModule.fillCache(SparqlQueryModule.java:149): Getting statements 173000 to 174000
16.01.2017 20:36:32 INFO  [main] de.uni_leipzig.simba.query.SparqlQueryModule.fillCache(SparqlQueryModule.java:149): Getting statements 174000 to 175000
16.01.2017 20:36:32 INFO  [main] de.uni_leipzig.simba.query.SparqlQueryModule.fillCache(SparqlQueryModule.java:149): Getting statements 175000 to 176000
16.01.2017 20:36:32 INFO  [main] de.uni_leipzig.simba.query.SparqlQueryModule.fillCache(SparqlQueryModule.java:149): Getting statements 176000 to 177000
16.01.2017 20:36:32 INFO  [main] de.uni_leipzig.simba.query.SparqlQueryModule.fillCache(SparqlQueryModule.java:149): Getting statements 177000 to 178000
16.01.2017 20:36:33 INFO  [main] de.uni_leipzig.simba.query.SparqlQueryModule.fillCache(SparqlQueryModule.java:149): Getting statements 178000 to 179000
16.01.2017 20:36:33 INFO  [main] de.uni_leipzig.simba.query.SparqlQueryModule.fillCache(SparqlQueryModule.java:149): Getting statements 179000 to 180000
16.01.2017 20:36:33 INFO  [main] de.uni_leipzig.simba.query.SparqlQueryModule.fillCache(SparqlQueryModule.java:149): Getting statements 180000 to 181000
16.01.2017 20:36:33 INFO  [main] de.uni_leipzig.simba.query.SparqlQueryModule.fillCache(SparqlQueryModule.java:149): Getting statements 181000 to 182000
16.01.2017 20:36:33 INFO  [main] de.uni_leipzig.simba.query.SparqlQueryModule.fillCache(SparqlQueryModule.java:149): Getting statements 182000 to 183000
16.01.2017 20:36:33 INFO  [main] de.uni_leipzig.simba.query.SparqlQueryModule.fillCache(SparqlQueryModule.java:149): Getting statements 183000 to 184000
16.01.2017 20:36:33 INFO  [main] de.uni_leipzig.simba.query.SparqlQueryModule.fillCache(SparqlQueryModule.java:149): Getting statements 184000 to 185000
16.01.2017 20:36:33 INFO  [main] de.uni_leipzig.simba.query.SparqlQueryModule.fillCache(SparqlQueryModule.java:149): Getting statements 185000 to 186000
16.01.2017 20:36:33 INFO  [main] de.uni_leipzig.simba.query.SparqlQueryModule.fillCache(SparqlQueryModule.java:149): Getting statements 186000 to 187000
16.01.2017 20:36:33 INFO  [main] de.uni_leipzig.simba.query.SparqlQueryModule.fillCache(SparqlQueryModule.java:149): Getting statements 187000 to 188000
16.01.2017 20:36:33 INFO  [main] de.uni_leipzig.simba.query.SparqlQueryModule.fillCache(SparqlQueryModule.java:149): Getting statements 188000 to 189000
16.01.2017 20:36:34 INFO  [main] de.uni_leipzig.simba.query.SparqlQueryModule.fillCache(SparqlQueryModule.java:149): Getting statements 189000 to 190000
16.01.2017 20:36:34 INFO  [main] de.uni_leipzig.simba.query.SparqlQueryModule.fillCache(SparqlQueryModule.java:149): Getting statements 190000 to 191000
16.01.2017 20:36:34 INFO  [main] de.uni_leipzig.simba.query.SparqlQueryModule.fillCache(SparqlQueryModule.java:149): Getting statements 191000 to 192000
16.01.2017 20:36:34 INFO  [main] de.uni_leipzig.simba.query.SparqlQueryModule.fillCache(SparqlQueryModule.java:149): Getting statements 192000 to 193000
16.01.2017 20:36:34 INFO  [main] de.uni_leipzig.simba.query.SparqlQueryModule.fillCache(SparqlQueryModule.java:149): Getting statements 193000 to 194000
16.01.2017 20:36:34 INFO  [main] de.uni_leipzig.simba.query.SparqlQueryModule.fillCache(SparqlQueryModule.java:149): Getting statements 194000 to 195000
16.01.2017 20:36:34 INFO  [main] de.uni_leipzig.simba.query.SparqlQueryModule.fillCache(SparqlQueryModule.java:149): Getting statements 195000 to 196000
16.01.2017 20:36:34 INFO  [main] de.uni_leipzig.simba.query.SparqlQueryModule.fillCache(SparqlQueryModule.java:149): Getting statements 196000 to 197000
16.01.2017 20:36:34 INFO  [main] de.uni_leipzig.simba.query.SparqlQueryModule.fillCache(SparqlQueryModule.java:149): Getting statements 197000 to 198000
16.01.2017 20:36:34 INFO  [main] de.uni_leipzig.simba.query.SparqlQueryModule.fillCache(SparqlQueryModule.java:149): Getting statements 198000 to 199000
16.01.2017 20:36:34 INFO  [main] de.uni_leipzig.simba.query.SparqlQueryModule.fillCache(SparqlQueryModule.java:149): Getting statements 199000 to 200000
16.01.2017 20:36:35 INFO  [main] de.uni_leipzig.simba.query.SparqlQueryModule.fillCache(SparqlQueryModule.java:149): Getting statements 200000 to 201000
16.01.2017 20:36:35 INFO  [main] de.uni_leipzig.simba.query.SparqlQueryModule.fillCache(SparqlQueryModule.java:149): Getting statements 201000 to 202000
16.01.2017 20:36:35 INFO  [main] de.uni_leipzig.simba.query.SparqlQueryModule.fillCache(SparqlQueryModule.java:149): Getting statements 202000 to 203000
16.01.2017 20:36:35 INFO  [main] de.uni_leipzig.simba.query.SparqlQueryModule.fillCache(SparqlQueryModule.java:149): Getting statements 203000 to 204000
16.01.2017 20:36:35 INFO  [main] de.uni_leipzig.simba.query.SparqlQueryModule.fillCache(SparqlQueryModule.java:149): Getting statements 204000 to 205000
16.01.2017 20:36:35 INFO  [main] de.uni_leipzig.simba.query.SparqlQueryModule.fillCache(SparqlQueryModule.java:149): Getting statements 205000 to 206000
16.01.2017 20:36:35 INFO  [main] de.uni_leipzig.simba.query.SparqlQueryModule.fillCache(SparqlQueryModule.java:149): Getting statements 206000 to 207000
16.01.2017 20:36:35 INFO  [main] de.uni_leipzig.simba.query.SparqlQueryModule.fillCache(SparqlQueryModule.java:149): Getting statements 207000 to 208000
16.01.2017 20:36:35 INFO  [main] de.uni_leipzig.simba.query.SparqlQueryModule.fillCache(SparqlQueryModule.java:149): Getting statements 208000 to 209000
16.01.2017 20:36:35 INFO  [main] de.uni_leipzig.simba.query.SparqlQueryModule.fillCache(SparqlQueryModule.java:149): Getting statements 209000 to 210000
16.01.2017 20:36:35 INFO  [main] de.uni_leipzig.simba.query.SparqlQueryModule.fillCache(SparqlQueryModule.java:149): Getting statements 210000 to 211000
16.01.2017 20:36:35 INFO  [main] de.uni_leipzig.simba.query.SparqlQueryModule.fillCache(SparqlQueryModule.java:149): Getting statements 211000 to 212000
16.01.2017 20:36:36 INFO  [main] de.uni_leipzig.simba.query.SparqlQueryModule.fillCache(SparqlQueryModule.java:149): Getting statements 212000 to 213000
16.01.2017 20:36:36 INFO  [main] de.uni_leipzig.simba.query.SparqlQueryModule.fillCache(SparqlQueryModule.java:149): Getting statements 213000 to 214000
16.01.2017 20:36:36 INFO  [main] de.uni_leipzig.simba.query.SparqlQueryModule.fillCache(SparqlQueryModule.java:149): Getting statements 214000 to 215000
16.01.2017 20:36:36 INFO  [main] de.uni_leipzig.simba.query.SparqlQueryModule.fillCache(SparqlQueryModule.java:149): Getting statements 215000 to 216000
16.01.2017 20:36:36 INFO  [main] de.uni_leipzig.simba.query.SparqlQueryModule.fillCache(SparqlQueryModule.java:149): Getting statements 216000 to 217000
16.01.2017 20:36:36 INFO  [main] de.uni_leipzig.simba.query.SparqlQueryModule.fillCache(SparqlQueryModule.java:149): Getting statements 217000 to 218000
16.01.2017 20:36:36 INFO  [main] de.uni_leipzig.simba.query.SparqlQueryModule.fillCache(SparqlQueryModule.java:149): Getting statements 218000 to 219000
16.01.2017 20:36:36 INFO  [main] de.uni_leipzig.simba.query.SparqlQueryModule.fillCache(SparqlQueryModule.java:149): Getting statements 219000 to 220000
16.01.2017 20:36:36 INFO  [main] de.uni_leipzig.simba.query.SparqlQueryModule.fillCache(SparqlQueryModule.java:149): Getting statements 220000 to 221000
16.01.2017 20:36:37 INFO  [main] de.uni_leipzig.simba.query.SparqlQueryModule.fillCache(SparqlQueryModule.java:149): Getting statements 221000 to 222000
16.01.2017 20:36:37 INFO  [main] de.uni_leipzig.simba.query.SparqlQueryModule.fillCache(SparqlQueryModule.java:149): Getting statements 222000 to 223000
16.01.2017 20:36:37 INFO  [main] de.uni_leipzig.simba.query.SparqlQueryModule.fillCache(SparqlQueryModule.java:149): Getting statements 223000 to 224000
16.01.2017 20:36:37 INFO  [main] de.uni_leipzig.simba.query.SparqlQueryModule.fillCache(SparqlQueryModule.java:149): Getting statements 224000 to 225000
16.01.2017 20:36:37 INFO  [main] de.uni_leipzig.simba.query.SparqlQueryModule.fillCache(SparqlQueryModule.java:149): Getting statements 225000 to 226000
16.01.2017 20:36:37 INFO  [main] de.uni_leipzig.simba.query.SparqlQueryModule.fillCache(SparqlQueryModule.java:149): Getting statements 226000 to 227000
16.01.2017 20:36:37 INFO  [main] de.uni_leipzig.simba.query.SparqlQueryModule.fillCache(SparqlQueryModule.java:149): Getting statements 227000 to 228000
16.01.2017 20:36:37 INFO  [main] de.uni_leipzig.simba.query.SparqlQueryModule.fillCache(SparqlQueryModule.java:149): Getting statements 228000 to 229000
16.01.2017 20:36:37 INFO  [main] de.uni_leipzig.simba.query.SparqlQueryModule.fillCache(SparqlQueryModule.java:149): Getting statements 229000 to 230000
16.01.2017 20:36:37 INFO  [main] de.uni_leipzig.simba.query.SparqlQueryModule.fillCache(SparqlQueryModule.java:149): Getting statements 230000 to 231000
16.01.2017 20:36:37 INFO  [main] de.uni_leipzig.simba.query.SparqlQueryModule.fillCache(SparqlQueryModule.java:149): Getting statements 231000 to 232000
16.01.2017 20:36:37 INFO  [main] de.uni_leipzig.simba.query.SparqlQueryModule.fillCache(SparqlQueryModule.java:149): Getting statements 232000 to 233000
16.01.2017 20:36:38 INFO  [main] de.uni_leipzig.simba.query.SparqlQueryModule.fillCache(SparqlQueryModule.java:149): Getting statements 233000 to 234000
16.01.2017 20:36:38 INFO  [main] de.uni_leipzig.simba.query.SparqlQueryModule.fillCache(SparqlQueryModule.java:149): Getting statements 234000 to 235000
16.01.2017 20:36:38 INFO  [main] de.uni_leipzig.simba.query.SparqlQueryModule.fillCache(SparqlQueryModule.java:149): Getting statements 235000 to 236000
16.01.2017 20:36:38 INFO  [main] de.uni_leipzig.simba.query.SparqlQueryModule.fillCache(SparqlQueryModule.java:149): Getting statements 236000 to 237000
16.01.2017 20:36:38 INFO  [main] de.uni_leipzig.simba.query.SparqlQueryModule.fillCache(SparqlQueryModule.java:149): Getting statements 237000 to 238000
16.01.2017 20:36:38 INFO  [main] de.uni_leipzig.simba.query.SparqlQueryModule.fillCache(SparqlQueryModule.java:149): Getting statements 238000 to 239000
16.01.2017 20:36:38 INFO  [main] de.uni_leipzig.simba.query.SparqlQueryModule.fillCache(SparqlQueryModule.java:149): Getting statements 239000 to 240000
16.01.2017 20:36:38 INFO  [main] de.uni_leipzig.simba.query.SparqlQueryModule.fillCache(SparqlQueryModule.java:149): Getting statements 240000 to 241000
16.01.2017 20:36:38 INFO  [main] de.uni_leipzig.simba.query.SparqlQueryModule.fillCache(SparqlQueryModule.java:149): Getting statements 241000 to 242000
16.01.2017 20:36:38 INFO  [main] de.uni_leipzig.simba.query.SparqlQueryModule.fillCache(SparqlQueryModule.java:149): Getting statements 242000 to 243000
16.01.2017 20:36:39 INFO  [main] de.uni_leipzig.simba.query.SparqlQueryModule.fillCache(SparqlQueryModule.java:149): Getting statements 243000 to 244000
16.01.2017 20:36:39 INFO  [main] de.uni_leipzig.simba.query.SparqlQueryModule.fillCache(SparqlQueryModule.java:149): Getting statements 244000 to 245000
16.01.2017 20:36:39 INFO  [main] de.uni_leipzig.simba.query.SparqlQueryModule.fillCache(SparqlQueryModule.java:149): Getting statements 245000 to 246000
16.01.2017 20:36:39 INFO  [main] de.uni_leipzig.simba.query.SparqlQueryModule.fillCache(SparqlQueryModule.java:149): Getting statements 246000 to 247000
16.01.2017 20:36:39 INFO  [main] de.uni_leipzig.simba.query.SparqlQueryModule.fillCache(SparqlQueryModule.java:149): Getting statements 247000 to 248000
16.01.2017 20:36:39 INFO  [main] de.uni_leipzig.simba.query.SparqlQueryModule.fillCache(SparqlQueryModule.java:149): Getting statements 248000 to 249000
16.01.2017 20:36:39 INFO  [main] de.uni_leipzig.simba.query.SparqlQueryModule.fillCache(SparqlQueryModule.java:149): Getting statements 249000 to 250000
16.01.2017 20:36:39 INFO  [main] de.uni_leipzig.simba.query.SparqlQueryModule.fillCache(SparqlQueryModule.java:149): Getting statements 250000 to 251000
16.01.2017 20:36:39 INFO  [main] de.uni_leipzig.simba.query.SparqlQueryModule.fillCache(SparqlQueryModule.java:149): Getting statements 251000 to 252000
16.01.2017 20:36:40 INFO  [main] de.uni_leipzig.simba.query.SparqlQueryModule.fillCache(SparqlQueryModule.java:149): Getting statements 252000 to 253000
16.01.2017 20:36:40 INFO  [main] de.uni_leipzig.simba.query.SparqlQueryModule.fillCache(SparqlQueryModule.java:149): Getting statements 253000 to 254000
16.01.2017 20:36:40 INFO  [main] de.uni_leipzig.simba.query.SparqlQueryModule.fillCache(SparqlQueryModule.java:149): Getting statements 254000 to 255000
16.01.2017 20:36:40 INFO  [main] de.uni_leipzig.simba.query.SparqlQueryModule.fillCache(SparqlQueryModule.java:149): Getting statements 255000 to 256000
16.01.2017 20:36:40 INFO  [main] de.uni_leipzig.simba.query.SparqlQueryModule.fillCache(SparqlQueryModule.java:149): Getting statements 256000 to 257000
16.01.2017 20:36:40 INFO  [main] de.uni_leipzig.simba.query.SparqlQueryModule.fillCache(SparqlQueryModule.java:149): Getting statements 257000 to 258000
16.01.2017 20:36:40 INFO  [main] de.uni_leipzig.simba.query.SparqlQueryModule.fillCache(SparqlQueryModule.java:149): Getting statements 258000 to 259000
16.01.2017 20:36:40 INFO  [main] de.uni_leipzig.simba.query.SparqlQueryModule.fillCache(SparqlQueryModule.java:149): Getting statements 259000 to 260000
16.01.2017 20:36:40 INFO  [main] de.uni_leipzig.simba.query.SparqlQueryModule.fillCache(SparqlQueryModule.java:149): Getting statements 260000 to 261000
16.01.2017 20:36:40 INFO  [main] de.uni_leipzig.simba.query.SparqlQueryModule.fillCache(SparqlQueryModule.java:149): Getting statements 261000 to 262000
16.01.2017 20:36:40 INFO  [main] de.uni_leipzig.simba.query.SparqlQueryModule.fillCache(SparqlQueryModule.java:149): Getting statements 262000 to 263000
16.01.2017 20:36:41 INFO  [main] de.uni_leipzig.simba.query.SparqlQueryModule.fillCache(SparqlQueryModule.java:149): Getting statements 263000 to 264000
16.01.2017 20:36:41 INFO  [main] de.uni_leipzig.simba.query.SparqlQueryModule.fillCache(SparqlQueryModule.java:149): Getting statements 264000 to 265000
16.01.2017 20:36:41 INFO  [main] de.uni_leipzig.simba.query.SparqlQueryModule.fillCache(SparqlQueryModule.java:149): Getting statements 265000 to 266000
16.01.2017 20:36:41 INFO  [main] de.uni_leipzig.simba.query.SparqlQueryModule.fillCache(SparqlQueryModule.java:149): Getting statements 266000 to 267000
16.01.2017 20:36:41 INFO  [main] de.uni_leipzig.simba.query.SparqlQueryModule.fillCache(SparqlQueryModule.java:149): Getting statements 267000 to 268000
16.01.2017 20:36:41 INFO  [main] de.uni_leipzig.simba.query.SparqlQueryModule.fillCache(SparqlQueryModule.java:149): Getting statements 268000 to 269000
16.01.2017 20:36:41 INFO  [main] de.uni_leipzig.simba.query.SparqlQueryModule.fillCache(SparqlQueryModule.java:149): Getting statements 269000 to 270000
16.01.2017 20:36:41 INFO  [main] de.uni_leipzig.simba.query.SparqlQueryModule.fillCache(SparqlQueryModule.java:149): Getting statements 270000 to 271000
16.01.2017 20:36:41 INFO  [main] de.uni_leipzig.simba.query.SparqlQueryModule.fillCache(SparqlQueryModule.java:149): Getting statements 271000 to 272000
16.01.2017 20:36:41 INFO  [main] de.uni_leipzig.simba.query.SparqlQueryModule.fillCache(SparqlQueryModule.java:149): Getting statements 272000 to 273000
16.01.2017 20:36:42 INFO  [main] de.uni_leipzig.simba.query.SparqlQueryModule.fillCache(SparqlQueryModule.java:149): Getting statements 273000 to 274000
16.01.2017 20:36:42 INFO  [main] de.uni_leipzig.simba.query.SparqlQueryModule.fillCache(SparqlQueryModule.java:149): Getting statements 274000 to 275000
16.01.2017 20:36:42 INFO  [main] de.uni_leipzig.simba.query.SparqlQueryModule.fillCache(SparqlQueryModule.java:149): Getting statements 275000 to 276000
16.01.2017 20:36:42 INFO  [main] de.uni_leipzig.simba.query.SparqlQueryModule.fillCache(SparqlQueryModule.java:149): Getting statements 276000 to 277000
16.01.2017 20:36:42 INFO  [main] de.uni_leipzig.simba.query.SparqlQueryModule.fillCache(SparqlQueryModule.java:149): Getting statements 277000 to 278000
16.01.2017 20:36:42 INFO  [main] de.uni_leipzig.simba.query.SparqlQueryModule.fillCache(SparqlQueryModule.java:149): Getting statements 278000 to 279000
16.01.2017 20:36:42 INFO  [main] de.uni_leipzig.simba.query.SparqlQueryModule.fillCache(SparqlQueryModule.java:149): Getting statements 279000 to 280000
16.01.2017 20:36:42 INFO  [main] de.uni_leipzig.simba.query.SparqlQueryModule.fillCache(SparqlQueryModule.java:149): Getting statements 280000 to 281000
16.01.2017 20:36:42 INFO  [main] de.uni_leipzig.simba.query.SparqlQueryModule.fillCache(SparqlQueryModule.java:149): Getting statements 281000 to 282000
16.01.2017 20:36:42 INFO  [main] de.uni_leipzig.simba.query.SparqlQueryModule.fillCache(SparqlQueryModule.java:149): Getting statements 282000 to 283000
16.01.2017 20:36:42 INFO  [main] de.uni_leipzig.simba.query.SparqlQueryModule.fillCache(SparqlQueryModule.java:149): Getting statements 283000 to 284000
16.01.2017 20:36:43 INFO  [main] de.uni_leipzig.simba.query.SparqlQueryModule.fillCache(SparqlQueryModule.java:149): Getting statements 284000 to 285000
16.01.2017 20:36:43 INFO  [main] de.uni_leipzig.simba.query.SparqlQueryModule.fillCache(SparqlQueryModule.java:149): Getting statements 285000 to 286000
16.01.2017 20:36:43 INFO  [main] de.uni_leipzig.simba.query.SparqlQueryModule.fillCache(SparqlQueryModule.java:149): Getting statements 286000 to 287000
16.01.2017 20:36:43 INFO  [main] de.uni_leipzig.simba.query.SparqlQueryModule.fillCache(SparqlQueryModule.java:149): Getting statements 287000 to 288000
16.01.2017 20:36:43 INFO  [main] de.uni_leipzig.simba.query.SparqlQueryModule.fillCache(SparqlQueryModule.java:149): Getting statements 288000 to 289000
16.01.2017 20:36:43 INFO  [main] de.uni_leipzig.simba.query.SparqlQueryModule.fillCache(SparqlQueryModule.java:149): Getting statements 289000 to 290000
16.01.2017 20:36:43 INFO  [main] de.uni_leipzig.simba.query.SparqlQueryModule.fillCache(SparqlQueryModule.java:149): Getting statements 290000 to 291000
16.01.2017 20:36:43 INFO  [main] de.uni_leipzig.simba.query.SparqlQueryModule.fillCache(SparqlQueryModule.java:149): Getting statements 291000 to 292000
16.01.2017 20:36:43 INFO  [main] de.uni_leipzig.simba.query.SparqlQueryModule.fillCache(SparqlQueryModule.java:149): Getting statements 292000 to 293000
16.01.2017 20:36:43 INFO  [main] de.uni_leipzig.simba.query.SparqlQueryModule.fillCache(SparqlQueryModule.java:149): Getting statements 293000 to 294000
16.01.2017 20:36:44 INFO  [main] de.uni_leipzig.simba.query.SparqlQueryModule.fillCache(SparqlQueryModule.java:149): Getting statements 294000 to 295000
16.01.2017 20:36:44 INFO  [main] de.uni_leipzig.simba.query.SparqlQueryModule.fillCache(SparqlQueryModule.java:149): Getting statements 295000 to 296000
16.01.2017 20:36:44 INFO  [main] de.uni_leipzig.simba.query.SparqlQueryModule.fillCache(SparqlQueryModule.java:149): Getting statements 296000 to 297000
16.01.2017 20:36:44 INFO  [main] de.uni_leipzig.simba.query.SparqlQueryModule.fillCache(SparqlQueryModule.java:149): Getting statements 297000 to 298000
16.01.2017 20:36:44 INFO  [main] de.uni_leipzig.simba.query.SparqlQueryModule.fillCache(SparqlQueryModule.java:149): Getting statements 298000 to 299000
16.01.2017 20:36:44 INFO  [main] de.uni_leipzig.simba.query.SparqlQueryModule.fillCache(SparqlQueryModule.java:149): Getting statements 299000 to 300000
16.01.2017 20:36:44 INFO  [main] de.uni_leipzig.simba.query.SparqlQueryModule.fillCache(SparqlQueryModule.java:149): Getting statements 300000 to 301000
16.01.2017 20:36:44 INFO  [main] de.uni_leipzig.simba.query.SparqlQueryModule.fillCache(SparqlQueryModule.java:149): Getting statements 301000 to 302000
16.01.2017 20:36:44 INFO  [main] de.uni_leipzig.simba.query.SparqlQueryModule.fillCache(SparqlQueryModule.java:149): Getting statements 302000 to 303000
16.01.2017 20:36:44 INFO  [main] de.uni_leipzig.simba.query.SparqlQueryModule.fillCache(SparqlQueryModule.java:149): Getting statements 303000 to 304000
16.01.2017 20:36:44 INFO  [main] de.uni_leipzig.simba.query.SparqlQueryModule.fillCache(SparqlQueryModule.java:149): Getting statements 304000 to 305000
16.01.2017 20:36:45 INFO  [main] de.uni_leipzig.simba.query.SparqlQueryModule.fillCache(SparqlQueryModule.java:149): Getting statements 305000 to 306000
16.01.2017 20:36:45 INFO  [main] de.uni_leipzig.simba.query.SparqlQueryModule.fillCache(SparqlQueryModule.java:149): Getting statements 306000 to 307000
16.01.2017 20:36:45 INFO  [main] de.uni_leipzig.simba.query.SparqlQueryModule.fillCache(SparqlQueryModule.java:149): Getting statements 307000 to 308000
16.01.2017 20:36:45 INFO  [main] de.uni_leipzig.simba.query.SparqlQueryModule.fillCache(SparqlQueryModule.java:149): Getting statements 308000 to 309000
16.01.2017 20:36:45 INFO  [main] de.uni_leipzig.simba.query.SparqlQueryModule.fillCache(SparqlQueryModule.java:149): Getting statements 309000 to 310000
16.01.2017 20:36:45 INFO  [main] de.uni_leipzig.simba.query.SparqlQueryModule.fillCache(SparqlQueryModule.java:149): Getting statements 310000 to 311000
16.01.2017 20:36:45 INFO  [main] de.uni_leipzig.simba.query.SparqlQueryModule.fillCache(SparqlQueryModule.java:149): Getting statements 311000 to 312000
16.01.2017 20:36:45 INFO  [main] de.uni_leipzig.simba.query.SparqlQueryModule.fillCache(SparqlQueryModule.java:149): Getting statements 312000 to 313000
16.01.2017 20:36:45 INFO  [main] de.uni_leipzig.simba.query.SparqlQueryModule.fillCache(SparqlQueryModule.java:149): Getting statements 313000 to 314000
16.01.2017 20:36:45 INFO  [main] de.uni_leipzig.simba.query.SparqlQueryModule.fillCache(SparqlQueryModule.java:149): Getting statements 314000 to 315000
16.01.2017 20:36:45 INFO  [main] de.uni_leipzig.simba.query.SparqlQueryModule.fillCache(SparqlQueryModule.java:149): Getting statements 315000 to 316000
16.01.2017 20:36:45 INFO  [main] de.uni_leipzig.simba.query.SparqlQueryModule.fillCache(SparqlQueryModule.java:149): Getting statements 316000 to 317000
16.01.2017 20:36:46 INFO  [main] de.uni_leipzig.simba.query.SparqlQueryModule.fillCache(SparqlQueryModule.java:149): Getting statements 317000 to 318000
16.01.2017 20:36:46 INFO  [main] de.uni_leipzig.simba.query.SparqlQueryModule.fillCache(SparqlQueryModule.java:149): Getting statements 318000 to 319000
16.01.2017 20:36:46 INFO  [main] de.uni_leipzig.simba.query.SparqlQueryModule.fillCache(SparqlQueryModule.java:149): Getting statements 319000 to 320000
16.01.2017 20:36:46 INFO  [main] de.uni_leipzig.simba.query.SparqlQueryModule.fillCache(SparqlQueryModule.java:149): Getting statements 320000 to 321000
16.01.2017 20:36:46 INFO  [main] de.uni_leipzig.simba.query.SparqlQueryModule.fillCache(SparqlQueryModule.java:149): Getting statements 321000 to 322000
16.01.2017 20:36:46 INFO  [main] de.uni_leipzig.simba.query.SparqlQueryModule.fillCache(SparqlQueryModule.java:149): Getting statements 322000 to 323000
16.01.2017 20:36:46 INFO  [main] de.uni_leipzig.simba.query.SparqlQueryModule.fillCache(SparqlQueryModule.java:149): Getting statements 323000 to 324000
16.01.2017 20:36:46 INFO  [main] de.uni_leipzig.simba.query.SparqlQueryModule.fillCache(SparqlQueryModule.java:149): Getting statements 324000 to 325000
16.01.2017 20:36:46 INFO  [main] de.uni_leipzig.simba.query.SparqlQueryModule.fillCache(SparqlQueryModule.java:149): Getting statements 325000 to 326000
16.01.2017 20:36:47 INFO  [main] de.uni_leipzig.simba.query.SparqlQueryModule.fillCache(SparqlQueryModule.java:149): Getting statements 326000 to 327000
16.01.2017 20:36:47 INFO  [main] de.uni_leipzig.simba.query.SparqlQueryModule.fillCache(SparqlQueryModule.java:149): Getting statements 327000 to 328000
16.01.2017 20:36:47 INFO  [main] de.uni_leipzig.simba.query.SparqlQueryModule.fillCache(SparqlQueryModule.java:149): Getting statements 328000 to 329000
16.01.2017 20:36:47 INFO  [main] de.uni_leipzig.simba.query.SparqlQueryModule.fillCache(SparqlQueryModule.java:149): Getting statements 329000 to 330000
16.01.2017 20:36:47 INFO  [main] de.uni_leipzig.simba.query.SparqlQueryModule.fillCache(SparqlQueryModule.java:149): Getting statements 330000 to 331000
16.01.2017 20:36:47 INFO  [main] de.uni_leipzig.simba.query.SparqlQueryModule.fillCache(SparqlQueryModule.java:149): Getting statements 331000 to 332000
16.01.2017 20:36:47 INFO  [main] de.uni_leipzig.simba.query.SparqlQueryModule.fillCache(SparqlQueryModule.java:149): Getting statements 332000 to 333000
16.01.2017 20:36:47 INFO  [main] de.uni_leipzig.simba.query.SparqlQueryModule.fillCache(SparqlQueryModule.java:149): Getting statements 333000 to 334000
16.01.2017 20:36:47 INFO  [main] de.uni_leipzig.simba.query.SparqlQueryModule.fillCache(SparqlQueryModule.java:149): Getting statements 334000 to 335000
16.01.2017 20:36:48 INFO  [main] de.uni_leipzig.simba.query.SparqlQueryModule.fillCache(SparqlQueryModule.java:149): Getting statements 335000 to 336000
16.01.2017 20:36:48 INFO  [main] de.uni_leipzig.simba.query.SparqlQueryModule.fillCache(SparqlQueryModule.java:149): Getting statements 336000 to 337000
16.01.2017 20:36:48 INFO  [main] de.uni_leipzig.simba.query.SparqlQueryModule.fillCache(SparqlQueryModule.java:149): Getting statements 337000 to 338000
16.01.2017 20:36:48 INFO  [main] de.uni_leipzig.simba.query.SparqlQueryModule.fillCache(SparqlQueryModule.java:248): Retrieved 336661 triples and 15259 entities.
16.01.2017 20:36:48 INFO  [main] de.uni_leipzig.simba.query.SparqlQueryModule.fillCache(SparqlQueryModule.java:249): Retrieving statements took 32.758 seconds.
16.01.2017 20:36:48 INFO  [main] de.uni_leipzig.simba.cache.HybridCache.saveToFile(HybridCache.java:179): Serializing 15259 objects to /home/MofeedHassan/TransferLearning/LIMES/cache/1608867271.ser
16.01.2017 20:36:49 INFO  [main] de.uni_leipzig.simba.controller.PPJoinController.run(PPJoinController.java:146): Loading target data ...
16.01.2017 20:36:49 INFO  [main] de.uni_leipzig.simba.cache.HybridCache.getData(HybridCache.java:232): Checking for file /home/MofeedHassan/TransferLearning/LIMES/cache/2038303684.ser
16.01.2017 20:36:49 INFO  [main] de.uni_leipzig.simba.cache.HybridCache.getData(HybridCache.java:248): No cached data found for linkedmdb
16.01.2017 20:36:49 INFO  [main] de.uni_leipzig.simba.query.QueryModuleFactory.getQueryModule(QueryModuleFactory.java:19): Generating <sparql> reader
16.01.2017 20:36:49 INFO  [main] de.uni_leipzig.simba.query.SparqlQueryModule.fillCache(SparqlQueryModule.java:93): Properties are [rdfs:label, linkedmdb:director/rdfs:label, linkedmdb:initial_release_date]
16.01.2017 20:36:49 INFO  [main] de.uni_leipzig.simba.query.SparqlQueryModule.fillCache(SparqlQueryModule.java:139): Query issued is 
PREFIX dbpedia-owl: <http://dbpedia.org/ontology/>
PREFIX rdf: <http://www.w3.org/1999/02/22-rdf-syntax-ns#>
PREFIX owl: <http://www.w3.org/2002/07/owl#>
PREFIX rdfs: <http://www.w3.org/2000/01/rdf-schema#>
PREFIX dbpedia-prop: <http://dbpedia.org/property/>
PREFIX linkedmdb: <http://data.linkedmdb.org/resource/movie/>
PREFIX foaf: <http://xmlns.com/foaf/0.1/>
PREFIX dc: <http://purl.org/dc/terms/>
SELECT DISTINCT ?b ?v0 ?v1 ?v2
WHERE {
?b rdf:type linkedmdb:film .
?b rdfs:label ?v0 .
?b linkedmdb:director ?w1 .
?w1 rdfs:label ?v1 .
?b linkedmdb:initial_release_date ?v2 .
}
16.01.2017 20:36:49 INFO  [main] de.uni_leipzig.simba.query.SparqlQueryModule.fillCache(SparqlQueryModule.java:141): Querying the endpoint.
16.01.2017 20:36:49 INFO  [main] de.uni_leipzig.simba.query.SparqlQueryModule.fillCache(SparqlQueryModule.java:149): Getting statements 0 to 1000
16.01.2017 20:36:50 INFO  [main] de.uni_leipzig.simba.query.SparqlQueryModule.fillCache(SparqlQueryModule.java:149): Getting statements 1000 to 2000
16.01.2017 20:36:51 INFO  [main] de.uni_leipzig.simba.query.SparqlQueryModule.fillCache(SparqlQueryModule.java:149): Getting statements 2000 to 3000
16.01.2017 20:36:51 INFO  [main] de.uni_leipzig.simba.query.SparqlQueryModule.fillCache(SparqlQueryModule.java:149): Getting statements 3000 to 4000
16.01.2017 20:36:52 INFO  [main] de.uni_leipzig.simba.query.SparqlQueryModule.fillCache(SparqlQueryModule.java:248): Retrieved 2116 triples and 2095 entities.
16.01.2017 20:36:52 INFO  [main] de.uni_leipzig.simba.query.SparqlQueryModule.fillCache(SparqlQueryModule.java:249): Retrieving statements took 3.136 seconds.
16.01.2017 20:36:52 INFO  [main] de.uni_leipzig.simba.cache.HybridCache.saveToFile(HybridCache.java:179): Serializing 2095 objects to /home/MofeedHassan/TransferLearning/LIMES/cache/2038303684.ser
16.01.2017 20:36:52 INFO  [main] de.uni_leipzig.simba.controller.PPJoinController.run(PPJoinController.java:159): Getting links ...
16.01.2017 20:36:52 INFO  [main] de.uni_leipzig.simba.mapper.atomic.ExactMatchMapper.getMapping(ExactMatchMapper.java:25): Starting ExactMatchMapper
16.01.2017 20:36:52 INFO  [main] de.uni_leipzig.simba.mapper.atomic.ExactMatchMapper.getMapping(ExactMatchMapper.java:25): Starting ExactMatchMapper
16.01.2017 20:36:52 INFO  [main] de.uni_leipzig.simba.mapper.SimpleSetConstraintsMapper.mergeMaps(SimpleSetConstraintsMapper.java:162): Merging with ADD and filtering with condition ADD(0.5*ExactMatch(a.rdfs:label,b.rdfs:label),0.5*ExactMatch(a.dbpedia-owl:director/rdfs:label, b.linkedmdb:director/rdfs:label)) and threshold 0.7
16.01.2017 20:36:52 INFO  [main] de.uni_leipzig.simba.controller.PPJoinController.run(PPJoinController.java:162): Got links in 75ms.
16.01.2017 20:36:52 INFO  [main] de.uni_leipzig.simba.io.SerializerFactory.getSerializer(SerializerFactory.java:22): Getting serializer with name TAB
16.01.2017 20:36:52 INFO  [main] de.uni_leipzig.simba.controller.PPJoinController.run(PPJoinController.java:172): Using TabSeparatedSerializer to serialize
16.01.2017 20:36:52 INFO  [main] de.uni_leipzig.simba.controller.PPJoinController.run(PPJoinController.java:191): Returned 67 links above acceptance threshold.
16.01.2017 20:36:52 INFO  [main] de.uni_leipzig.simba.controller.PPJoinController.run(PPJoinController.java:192): Returned 0 links to review.
16.01.2017 20:36:52 INFO  [main] de.uni_leipzig.simba.controller.PPJoinController.run(PPJoinController.java:199): Mapping carried out in 37.155 seconds
16.01.2017 20:36:52 INFO  [main] de.uni_leipzig.simba.controller.PPJoinController.run(PPJoinController.java:200): Done.
