06.01.2017 01:05:02 INFO  [main] de.uni_leipzig.simba.controller.PPJoinController.run(PPJoinController.java:135): ID: dbpedia
Var: ?a
Prefixes: {umbel-sc=http://umbel.org/umbel/sc/, wgs84=http://www.w3.org/2003/01/geo/wgs84_pos#, mo=http://purl.org/ontology/mo/, dbpedia-owl=http://dbpedia.org/ontology/, owl=http://www.w3.org/2002/07/owl#, hcterms=http://purl.org/uF/hCard/terms/, yago=http://dbpedia.org/class/yago/, skos=http://www.w3.org/2004/02/skos/core#, rdfs=http://www.w3.org/2000/01/rdf-schema#, dbpedia-prop=http://dbpedia.org/property/, openei=http://openei.org/resources/, linkedmdb=http://data.linkedmdb.org/resource/movie/, geo=http://www.w3.org/2003/01/geo/wgs84_pos#, lgdo=http://linkedgeodata.org/ontology/, rdf=http://www.w3.org/1999/02/22-rdf-syntax-ns#, v=http://www.w3.org/2006/vcard/ns#, dctype=http://purl.org/dc/dcmitype/, foaf=http://xmlns.com/foaf/0.1/, dc=http://purl.org/dc/terms/}
Endpoint: http://dbpedia.org/sparql
Graph: null
Restrictions: [?a rdf:type dbpedia-owl:Country ]
Properties: [rdfs:label]
Functions: {rdfs:label={rdfs:label=lowercase }}
Page size: 1000
Type: sparql

06.01.2017 01:05:02 INFO  [main] de.uni_leipzig.simba.controller.PPJoinController.run(PPJoinController.java:136): ID: openei
Var: ?b
Prefixes: {umbel-sc=http://umbel.org/umbel/sc/, wgs84=http://www.w3.org/2003/01/geo/wgs84_pos#, mo=http://purl.org/ontology/mo/, dbpedia-owl=http://dbpedia.org/ontology/, owl=http://www.w3.org/2002/07/owl#, hcterms=http://purl.org/uF/hCard/terms/, yago=http://dbpedia.org/class/yago/, skos=http://www.w3.org/2004/02/skos/core#, rdfs=http://www.w3.org/2000/01/rdf-schema#, dbpedia-prop=http://dbpedia.org/property/, openei=http://openei.org/resources/, linkedmdb=http://data.linkedmdb.org/resource/movie/, geo=http://www.w3.org/2003/01/geo/wgs84_pos#, lgdo=http://linkedgeodata.org/ontology/, rdf=http://www.w3.org/1999/02/22-rdf-syntax-ns#, v=http://www.w3.org/2006/vcard/ns#, dctype=http://purl.org/dc/dcmitype/, foaf=http://xmlns.com/foaf/0.1/, dc=http://purl.org/dc/terms/}
Endpoint: http://en.openei.org/sparql
Graph: null
Restrictions: [?b rdf:type openei:Category-3ACountries ]
Properties: [rdfs:label]
Functions: {rdfs:label={rdfs:label=lowercase}}
Page size: 1000
Type: sparql

06.01.2017 01:05:02 INFO  [main] de.uni_leipzig.simba.controller.PPJoinController.run(PPJoinController.java:141): Loading source data ...
06.01.2017 01:05:02 INFO  [main] de.uni_leipzig.simba.cache.HybridCache.getData(HybridCache.java:232): Checking for file /media/mofeed/A0621C46621C24164/TransferLearningCollections/00-AllSpecsCashing/cache/-605535489.ser
06.01.2017 01:05:02 INFO  [main] de.uni_leipzig.simba.cache.HybridCache.getData(HybridCache.java:248): No cached data found for dbpedia
06.01.2017 01:05:02 INFO  [main] de.uni_leipzig.simba.query.QueryModuleFactory.getQueryModule(QueryModuleFactory.java:19): Generating <sparql> reader
06.01.2017 01:05:02 INFO  [main] de.uni_leipzig.simba.query.SparqlQueryModule.fillCache(SparqlQueryModule.java:93): Properties are [rdfs:label]
06.01.2017 01:05:02 INFO  [main] de.uni_leipzig.simba.query.SparqlQueryModule.fillCache(SparqlQueryModule.java:139): Query issued is 
PREFIX umbel-sc: <http://umbel.org/umbel/sc/>
PREFIX wgs84: <http://www.w3.org/2003/01/geo/wgs84_pos#>
PREFIX mo: <http://purl.org/ontology/mo/>
PREFIX dbpedia-owl: <http://dbpedia.org/ontology/>
PREFIX owl: <http://www.w3.org/2002/07/owl#>
PREFIX hcterms: <http://purl.org/uF/hCard/terms/>
PREFIX yago: <http://dbpedia.org/class/yago/>
PREFIX skos: <http://www.w3.org/2004/02/skos/core#>
PREFIX rdfs: <http://www.w3.org/2000/01/rdf-schema#>
PREFIX dbpedia-prop: <http://dbpedia.org/property/>
PREFIX openei: <http://openei.org/resources/>
PREFIX linkedmdb: <http://data.linkedmdb.org/resource/movie/>
PREFIX geo: <http://www.w3.org/2003/01/geo/wgs84_pos#>
PREFIX lgdo: <http://linkedgeodata.org/ontology/>
PREFIX rdf: <http://www.w3.org/1999/02/22-rdf-syntax-ns#>
PREFIX v: <http://www.w3.org/2006/vcard/ns#>
PREFIX dctype: <http://purl.org/dc/dcmitype/>
PREFIX foaf: <http://xmlns.com/foaf/0.1/>
PREFIX dc: <http://purl.org/dc/terms/>
SELECT DISTINCT ?a ?v0
WHERE {
?a rdf:type dbpedia-owl:Country .
?a rdfs:label ?v0 .
}
06.01.2017 01:05:02 INFO  [main] de.uni_leipzig.simba.query.SparqlQueryModule.fillCache(SparqlQueryModule.java:141): Querying the endpoint.
06.01.2017 01:05:02 INFO  [main] de.uni_leipzig.simba.query.SparqlQueryModule.fillCache(SparqlQueryModule.java:149): Getting statements 0 to 1000
06.01.2017 01:05:02 INFO  [main] de.uni_leipzig.simba.query.SparqlQueryModule.fillCache(SparqlQueryModule.java:149): Getting statements 1000 to 2000
06.01.2017 01:05:03 INFO  [main] de.uni_leipzig.simba.query.SparqlQueryModule.fillCache(SparqlQueryModule.java:149): Getting statements 2000 to 3000
06.01.2017 01:05:03 INFO  [main] de.uni_leipzig.simba.query.SparqlQueryModule.fillCache(SparqlQueryModule.java:149): Getting statements 3000 to 4000
06.01.2017 01:05:03 INFO  [main] de.uni_leipzig.simba.query.SparqlQueryModule.fillCache(SparqlQueryModule.java:149): Getting statements 4000 to 5000
06.01.2017 01:05:03 INFO  [main] de.uni_leipzig.simba.query.SparqlQueryModule.fillCache(SparqlQueryModule.java:149): Getting statements 5000 to 6000
06.01.2017 01:05:03 INFO  [main] de.uni_leipzig.simba.query.SparqlQueryModule.fillCache(SparqlQueryModule.java:149): Getting statements 6000 to 7000
06.01.2017 01:05:04 INFO  [main] de.uni_leipzig.simba.query.SparqlQueryModule.fillCache(SparqlQueryModule.java:149): Getting statements 7000 to 8000
06.01.2017 01:05:04 INFO  [main] de.uni_leipzig.simba.query.SparqlQueryModule.fillCache(SparqlQueryModule.java:149): Getting statements 8000 to 9000
06.01.2017 01:05:04 INFO  [main] de.uni_leipzig.simba.query.SparqlQueryModule.fillCache(SparqlQueryModule.java:149): Getting statements 9000 to 10000
06.01.2017 01:05:04 INFO  [main] de.uni_leipzig.simba.query.SparqlQueryModule.fillCache(SparqlQueryModule.java:149): Getting statements 10000 to 11000
06.01.2017 01:05:04 INFO  [main] de.uni_leipzig.simba.query.SparqlQueryModule.fillCache(SparqlQueryModule.java:149): Getting statements 11000 to 12000
06.01.2017 01:05:05 INFO  [main] de.uni_leipzig.simba.query.SparqlQueryModule.fillCache(SparqlQueryModule.java:149): Getting statements 12000 to 13000
06.01.2017 01:05:05 INFO  [main] de.uni_leipzig.simba.query.SparqlQueryModule.fillCache(SparqlQueryModule.java:149): Getting statements 13000 to 14000
06.01.2017 01:05:05 INFO  [main] de.uni_leipzig.simba.query.SparqlQueryModule.fillCache(SparqlQueryModule.java:149): Getting statements 14000 to 15000
06.01.2017 01:05:05 INFO  [main] de.uni_leipzig.simba.query.SparqlQueryModule.fillCache(SparqlQueryModule.java:149): Getting statements 15000 to 16000
06.01.2017 01:05:06 INFO  [main] de.uni_leipzig.simba.query.SparqlQueryModule.fillCache(SparqlQueryModule.java:149): Getting statements 16000 to 17000
06.01.2017 01:05:06 INFO  [main] de.uni_leipzig.simba.query.SparqlQueryModule.fillCache(SparqlQueryModule.java:149): Getting statements 17000 to 18000
06.01.2017 01:05:06 INFO  [main] de.uni_leipzig.simba.query.SparqlQueryModule.fillCache(SparqlQueryModule.java:149): Getting statements 18000 to 19000
06.01.2017 01:05:06 INFO  [main] de.uni_leipzig.simba.query.SparqlQueryModule.fillCache(SparqlQueryModule.java:149): Getting statements 19000 to 20000
06.01.2017 01:05:06 INFO  [main] de.uni_leipzig.simba.query.SparqlQueryModule.fillCache(SparqlQueryModule.java:149): Getting statements 20000 to 21000
06.01.2017 01:05:07 INFO  [main] de.uni_leipzig.simba.query.SparqlQueryModule.fillCache(SparqlQueryModule.java:149): Getting statements 21000 to 22000
06.01.2017 01:05:07 INFO  [main] de.uni_leipzig.simba.query.SparqlQueryModule.fillCache(SparqlQueryModule.java:149): Getting statements 22000 to 23000
06.01.2017 01:05:07 INFO  [main] de.uni_leipzig.simba.query.SparqlQueryModule.fillCache(SparqlQueryModule.java:149): Getting statements 23000 to 24000
06.01.2017 01:05:07 INFO  [main] de.uni_leipzig.simba.query.SparqlQueryModule.fillCache(SparqlQueryModule.java:248): Retrieved 22906 triples and 3261 entities.
06.01.2017 01:05:07 INFO  [main] de.uni_leipzig.simba.query.SparqlQueryModule.fillCache(SparqlQueryModule.java:249): Retrieving statements took 5.326 seconds.
06.01.2017 01:05:07 INFO  [main] de.uni_leipzig.simba.cache.HybridCache.saveToFile(HybridCache.java:179): Serializing 3261 objects to /media/mofeed/A0621C46621C24164/TransferLearningCollections/00-AllSpecsCashing/cache/-605535489.ser
06.01.2017 01:05:10 INFO  [main] de.uni_leipzig.simba.controller.PPJoinController.run(PPJoinController.java:146): Loading target data ...
06.01.2017 01:05:10 INFO  [main] de.uni_leipzig.simba.cache.HybridCache.getData(HybridCache.java:232): Checking for file /media/mofeed/A0621C46621C24164/TransferLearningCollections/00-AllSpecsCashing/cache/1780563210.ser
06.01.2017 01:05:10 INFO  [main] de.uni_leipzig.simba.cache.HybridCache.getData(HybridCache.java:235): Found cached data. Loading data from file /media/mofeed/A0621C46621C24164/TransferLearningCollections/00-AllSpecsCashing/cache/1780563210.ser
06.01.2017 01:05:10 INFO  [main] de.uni_leipzig.simba.cache.HybridCache.getData(HybridCache.java:241): Cached data loaded successfully from file /media/mofeed/A0621C46621C24164/TransferLearningCollections/00-AllSpecsCashing/cache/1780563210.ser
06.01.2017 01:05:10 INFO  [main] de.uni_leipzig.simba.cache.HybridCache.getData(HybridCache.java:242): Size = 260
06.01.2017 01:05:10 INFO  [main] de.uni_leipzig.simba.controller.PPJoinController.run(PPJoinController.java:159): Getting links ...
06.01.2017 01:05:10 INFO  [main] de.uni_leipzig.simba.controller.PPJoinController.run(PPJoinController.java:162): Got links in 125ms.
06.01.2017 01:05:10 INFO  [main] de.uni_leipzig.simba.io.SerializerFactory.getSerializer(SerializerFactory.java:22): Getting serializer with name NT
06.01.2017 01:05:10 INFO  [main] de.uni_leipzig.simba.controller.PPJoinController.run(PPJoinController.java:172): Using N3Serializer to serialize
06.01.2017 01:05:10 INFO  [main] de.uni_leipzig.simba.controller.PPJoinController.run(PPJoinController.java:191): Returned 20 links above acceptance threshold.
06.01.2017 01:05:10 INFO  [main] de.uni_leipzig.simba.controller.PPJoinController.run(PPJoinController.java:192): Returned 0 links to review.
06.01.2017 01:05:10 INFO  [main] de.uni_leipzig.simba.controller.PPJoinController.run(PPJoinController.java:199): Mapping carried out in 8.749 seconds
06.01.2017 01:05:10 INFO  [main] de.uni_leipzig.simba.controller.PPJoinController.run(PPJoinController.java:200): Done.
