16.01.2017 20:37:15 INFO  [main] de.uni_leipzig.simba.controller.PPJoinController.run(PPJoinController.java:135): ID: dbpedia
Var: ?a
Prefixes: {dbpedia-owl=http://dbpedia.org/ontology/, rdf=http://www.w3.org/1999/02/22-rdf-syntax-ns#, owl=http://www.w3.org/2002/07/owl#, rdfs=http://www.w3.org/2000/01/rdf-schema#, dbpedia-prop=http://dbpedia.org/property/, linkedmdb=http://data.linkedmdb.org/resource/movie/, foaf=http://xmlns.com/foaf/0.1/, dc=http://purl.org/dc/terms/}
Endpoint: http://dbpedia.org/sparql
Graph: 
Restrictions: [?a rdf:type dbpedia-owl:Film]
Properties: [rdfs:label, dbpedia-prop:name]
Functions: {dbpedia-prop:name={dbpedia-prop:name=}, rdfs:label={rdfs:label=}}
Page size: 1000
Type: sparql

16.01.2017 20:37:15 INFO  [main] de.uni_leipzig.simba.controller.PPJoinController.run(PPJoinController.java:136): ID: linkedmdb
Var: ?b
Prefixes: {dbpedia-owl=http://dbpedia.org/ontology/, rdf=http://www.w3.org/1999/02/22-rdf-syntax-ns#, owl=http://www.w3.org/2002/07/owl#, rdfs=http://www.w3.org/2000/01/rdf-schema#, dbpedia-prop=http://dbpedia.org/property/, linkedmdb=http://data.linkedmdb.org/resource/movie/, foaf=http://xmlns.com/foaf/0.1/, dc=http://purl.org/dc/terms/}
Endpoint: http://data.linkedmdb.org/sparql
Graph: 0
Restrictions: [?b rdf:type linkedmdb:film]
Properties: [rdfs:label, dc:title]
Functions: {rdfs:label={rdfs:label=}, dc:title={dc:title=}}
Page size: 1000
Type: sparql

16.01.2017 20:37:15 INFO  [main] de.uni_leipzig.simba.controller.PPJoinController.run(PPJoinController.java:141): Loading source data ...
16.01.2017 20:37:15 INFO  [main] de.uni_leipzig.simba.cache.HybridCache.getData(HybridCache.java:232): Checking for file /home/MofeedHassan/TransferLearning/LIMES/cache/-146732292.ser
16.01.2017 20:37:15 INFO  [main] de.uni_leipzig.simba.cache.HybridCache.getData(HybridCache.java:235): Found cached data. Loading data from file /home/MofeedHassan/TransferLearning/LIMES/cache/-146732292.ser
16.01.2017 20:37:18 INFO  [main] de.uni_leipzig.simba.cache.HybridCache.getData(HybridCache.java:241): Cached data loaded successfully from file /home/MofeedHassan/TransferLearning/LIMES/cache/-146732292.ser
16.01.2017 20:37:18 INFO  [main] de.uni_leipzig.simba.cache.HybridCache.getData(HybridCache.java:242): Size = 104984
16.01.2017 20:37:18 INFO  [main] de.uni_leipzig.simba.controller.PPJoinController.run(PPJoinController.java:146): Loading target data ...
16.01.2017 20:37:18 INFO  [main] de.uni_leipzig.simba.cache.HybridCache.getData(HybridCache.java:232): Checking for file /home/MofeedHassan/TransferLearning/LIMES/cache/-1317340740.ser
16.01.2017 20:37:18 INFO  [main] de.uni_leipzig.simba.cache.HybridCache.getData(HybridCache.java:235): Found cached data. Loading data from file /home/MofeedHassan/TransferLearning/LIMES/cache/-1317340740.ser
16.01.2017 20:37:18 INFO  [main] de.uni_leipzig.simba.cache.HybridCache.getData(HybridCache.java:241): Cached data loaded successfully from file /home/MofeedHassan/TransferLearning/LIMES/cache/-1317340740.ser
16.01.2017 20:37:18 INFO  [main] de.uni_leipzig.simba.cache.HybridCache.getData(HybridCache.java:242): Size = 2500
16.01.2017 20:37:18 INFO  [main] de.uni_leipzig.simba.controller.PPJoinController.run(PPJoinController.java:159): Getting links ...
16.01.2017 20:37:22 INFO  [main] de.uni_leipzig.simba.mapper.SimpleSetConstraintsMapper.mergeMaps(SimpleSetConstraintsMapper.java:138): Merging with MAX
16.01.2017 20:37:22 INFO  [main] de.uni_leipzig.simba.controller.PPJoinController.run(PPJoinController.java:162): Got links in 4415ms.
16.01.2017 20:37:22 INFO  [main] de.uni_leipzig.simba.io.SerializerFactory.getSerializer(SerializerFactory.java:22): Getting serializer with name TAB
16.01.2017 20:37:22 INFO  [main] de.uni_leipzig.simba.controller.PPJoinController.run(PPJoinController.java:172): Using TabSeparatedSerializer to serialize
16.01.2017 20:37:22 INFO  [main] de.uni_leipzig.simba.controller.PPJoinController.run(PPJoinController.java:191): Returned 832 links above acceptance threshold.
16.01.2017 20:37:22 INFO  [main] de.uni_leipzig.simba.controller.PPJoinController.run(PPJoinController.java:192): Returned 0 links to review.
16.01.2017 20:37:22 INFO  [main] de.uni_leipzig.simba.controller.PPJoinController.run(PPJoinController.java:199): Mapping carried out in 7.451 seconds
16.01.2017 20:37:22 INFO  [main] de.uni_leipzig.simba.controller.PPJoinController.run(PPJoinController.java:200): Done.
