22.04.2013 16:14:13 INFO  [main] de.uni_leipzig.simba.io.ConfigReader.validateAndRead(ConfigReader.java:163): Source = ID: dbpedia
Var: ?a
Prefixes: {rdfs=http://www.w3.org/2000/01/rdf-schema#, dbpedia-owl=http://dbpedia.org/ontology/, yago=http://dbpedia.org/class/yago/, owl=http://www.w3.org/2002/07/owl#, dbpedia=http://dbpedia.org/ontology/, rdf=http://www.w3.org/1999/02/22-rdf-syntax-ns#, administrative-geography=http://statistics.data.gov.uk/def/administrative-geography/, opencyc=http://sw.opencyc.org/2008/06/10/concept/}
Endpoint: http://live.dbpedia.org/sparql
Graph: null
Restrictions: [?a rdf:type yago:EconomiesByCityInEngland]
Properties: [rdfs:label]
Functions: {rdfs:label={rdfs:label=lowercase}}
Page size: 1000
Type: sparql

22.04.2013 16:14:13 INFO  [main] de.uni_leipzig.simba.io.ConfigReader.validateAndRead(ConfigReader.java:168): Target = ID: datagovuk
Var: ?b
Prefixes: {rdfs=http://www.w3.org/2000/01/rdf-schema#, dbpedia-owl=http://dbpedia.org/ontology/, yago=http://dbpedia.org/class/yago/, owl=http://www.w3.org/2002/07/owl#, dbpedia=http://dbpedia.org/ontology/, rdf=http://www.w3.org/1999/02/22-rdf-syntax-ns#, administrative-geography=http://statistics.data.gov.uk/def/administrative-geography/, opencyc=http://sw.opencyc.org/2008/06/10/concept/}
Endpoint: http://lod.openlinksw.com/sparql
Graph: null
Restrictions: [?b rdf:type administrative-geography:LocalAuthorityDistrict]
Properties: [rdfs:label]
Functions: {rdfs:label={rdfs:label=lowercase}}
Page size: 1000
Type: sparql

22.04.2013 16:14:13 INFO  [main] de.uni_leipzig.simba.controller.PPJoinController.run(PPJoinController.java:126): ID: dbpedia
Var: ?a
Prefixes: {rdfs=http://www.w3.org/2000/01/rdf-schema#, dbpedia-owl=http://dbpedia.org/ontology/, yago=http://dbpedia.org/class/yago/, owl=http://www.w3.org/2002/07/owl#, dbpedia=http://dbpedia.org/ontology/, rdf=http://www.w3.org/1999/02/22-rdf-syntax-ns#, administrative-geography=http://statistics.data.gov.uk/def/administrative-geography/, opencyc=http://sw.opencyc.org/2008/06/10/concept/}
Endpoint: http://live.dbpedia.org/sparql
Graph: null
Restrictions: [?a rdf:type yago:EconomiesByCityInEngland]
Properties: [rdfs:label]
Functions: {rdfs:label={rdfs:label=lowercase}}
Page size: 1000
Type: sparql

22.04.2013 16:14:13 INFO  [main] de.uni_leipzig.simba.controller.PPJoinController.run(PPJoinController.java:127): ID: datagovuk
Var: ?b
Prefixes: {rdfs=http://www.w3.org/2000/01/rdf-schema#, dbpedia-owl=http://dbpedia.org/ontology/, yago=http://dbpedia.org/class/yago/, owl=http://www.w3.org/2002/07/owl#, dbpedia=http://dbpedia.org/ontology/, rdf=http://www.w3.org/1999/02/22-rdf-syntax-ns#, administrative-geography=http://statistics.data.gov.uk/def/administrative-geography/, opencyc=http://sw.opencyc.org/2008/06/10/concept/}
Endpoint: http://lod.openlinksw.com/sparql
Graph: null
Restrictions: [?b rdf:type administrative-geography:LocalAuthorityDistrict]
Properties: [rdfs:label]
Functions: {rdfs:label={rdfs:label=lowercase}}
Page size: 1000
Type: sparql

22.04.2013 16:14:13 INFO  [main] de.uni_leipzig.simba.controller.PPJoinController.run(PPJoinController.java:132): Loading source data ...
22.04.2013 16:14:13 INFO  [main] de.uni_leipzig.simba.cache.HybridCache.getData(HybridCache.java:243): No cached data found for dbpedia
22.04.2013 16:14:13 INFO  [main] de.uni_leipzig.simba.query.QueryModuleFactory.getQueryModule(QueryModuleFactory.java:19): Generating <sparql> reader
22.04.2013 16:14:13 INFO  [main] de.uni_leipzig.simba.query.SparqlQueryModule.fillCache(SparqlQueryModule.java:93): Properties are [rdfs:label]
22.04.2013 16:14:13 INFO  [main] de.uni_leipzig.simba.query.SparqlQueryModule.fillCache(SparqlQueryModule.java:135): Query issued is 
PREFIX rdfs: <http://www.w3.org/2000/01/rdf-schema#>
PREFIX dbpedia-owl: <http://dbpedia.org/ontology/>
PREFIX yago: <http://dbpedia.org/class/yago/>
PREFIX owl: <http://www.w3.org/2002/07/owl#>
PREFIX dbpedia: <http://dbpedia.org/ontology/>
PREFIX rdf: <http://www.w3.org/1999/02/22-rdf-syntax-ns#>
PREFIX administrative-geography: <http://statistics.data.gov.uk/def/administrative-geography/>
PREFIX opencyc: <http://sw.opencyc.org/2008/06/10/concept/>
SELECT DISTINCT ?a ?v0
WHERE {
?a rdf:type yago:EconomiesByCityInEngland .
?a rdfs:label ?v0 .
}
22.04.2013 16:14:13 INFO  [main] de.uni_leipzig.simba.query.SparqlQueryModule.fillCache(SparqlQueryModule.java:137): Querying the endpoint.
22.04.2013 16:14:13 INFO  [main] de.uni_leipzig.simba.query.SparqlQueryModule.fillCache(SparqlQueryModule.java:145): Getting statements 0 to 1000
22.04.2013 16:14:14 INFO  [main] de.uni_leipzig.simba.query.SparqlQueryModule.fillCache(SparqlQueryModule.java:145): Getting statements 1000 to 2000
22.04.2013 16:14:14 INFO  [main] de.uni_leipzig.simba.query.SparqlQueryModule.fillCache(SparqlQueryModule.java:241): Retrieved 4 triples and 4 entities.
22.04.2013 16:14:14 INFO  [main] de.uni_leipzig.simba.query.SparqlQueryModule.fillCache(SparqlQueryModule.java:242): Retrieving statements took 0.5 seconds.
22.04.2013 16:14:14 INFO  [main] de.uni_leipzig.simba.cache.HybridCache.saveToFile(HybridCache.java:176): Serializing 4 objects to /home/mofeed/Desktop/limes0.6RC2/cache/-457661236.ser
22.04.2013 16:14:14 INFO  [main] de.uni_leipzig.simba.controller.PPJoinController.run(PPJoinController.java:137): Loading target data ...
22.04.2013 16:14:14 INFO  [main] de.uni_leipzig.simba.cache.HybridCache.getData(HybridCache.java:243): No cached data found for datagovuk
22.04.2013 16:14:14 INFO  [main] de.uni_leipzig.simba.query.QueryModuleFactory.getQueryModule(QueryModuleFactory.java:19): Generating <sparql> reader
22.04.2013 16:14:14 INFO  [main] de.uni_leipzig.simba.query.SparqlQueryModule.fillCache(SparqlQueryModule.java:93): Properties are [rdfs:label]
22.04.2013 16:14:14 INFO  [main] de.uni_leipzig.simba.query.SparqlQueryModule.fillCache(SparqlQueryModule.java:135): Query issued is 
PREFIX rdfs: <http://www.w3.org/2000/01/rdf-schema#>
PREFIX dbpedia-owl: <http://dbpedia.org/ontology/>
PREFIX yago: <http://dbpedia.org/class/yago/>
PREFIX owl: <http://www.w3.org/2002/07/owl#>
PREFIX dbpedia: <http://dbpedia.org/ontology/>
PREFIX rdf: <http://www.w3.org/1999/02/22-rdf-syntax-ns#>
PREFIX administrative-geography: <http://statistics.data.gov.uk/def/administrative-geography/>
PREFIX opencyc: <http://sw.opencyc.org/2008/06/10/concept/>
SELECT DISTINCT ?b ?v0
WHERE {
?b rdf:type administrative-geography:LocalAuthorityDistrict .
?b rdfs:label ?v0 .
}
22.04.2013 16:14:14 INFO  [main] de.uni_leipzig.simba.query.SparqlQueryModule.fillCache(SparqlQueryModule.java:137): Querying the endpoint.
22.04.2013 16:14:14 INFO  [main] de.uni_leipzig.simba.query.SparqlQueryModule.fillCache(SparqlQueryModule.java:145): Getting statements 0 to 1000
22.04.2013 16:14:14 INFO  [main] de.uni_leipzig.simba.query.SparqlQueryModule.fillCache(SparqlQueryModule.java:145): Getting statements 1000 to 2000
22.04.2013 16:14:14 INFO  [main] de.uni_leipzig.simba.query.SparqlQueryModule.fillCache(SparqlQueryModule.java:145): Getting statements 2000 to 3000
22.04.2013 16:14:14 INFO  [main] de.uni_leipzig.simba.query.SparqlQueryModule.fillCache(SparqlQueryModule.java:241): Retrieved 1208 triples and 445 entities.
22.04.2013 16:14:14 INFO  [main] de.uni_leipzig.simba.query.SparqlQueryModule.fillCache(SparqlQueryModule.java:242): Retrieving statements took 0.487 seconds.
22.04.2013 16:14:14 INFO  [main] de.uni_leipzig.simba.cache.HybridCache.saveToFile(HybridCache.java:176): Serializing 445 objects to /home/mofeed/Desktop/limes0.6RC2/cache/439127508.ser
22.04.2013 16:14:14 INFO  [main] de.uni_leipzig.simba.controller.PPJoinController.run(PPJoinController.java:150): Getting links ...
22.04.2013 16:14:14 INFO  [main] de.uni_leipzig.simba.controller.PPJoinController.run(PPJoinController.java:153): Got links in 103ms.
22.04.2013 16:14:14 INFO  [main] de.uni_leipzig.simba.io.SerializerFactory.getSerializer(SerializerFactory.java:21): Getting serializer with name NT
22.04.2013 16:14:14 INFO  [main] de.uni_leipzig.simba.io.SerializerFactory.getSerializer(SerializerFactory.java:27): Serializer with name NT not found. Using .nt as default format.
22.04.2013 16:14:14 INFO  [main] de.uni_leipzig.simba.controller.PPJoinController.run(PPJoinController.java:159): Using N3Serializer to serialize
22.04.2013 16:14:14 INFO  [main] de.uni_leipzig.simba.controller.PPJoinController.run(PPJoinController.java:178): Returned 4 links above acceptance threshold.
22.04.2013 16:14:14 INFO  [main] de.uni_leipzig.simba.controller.PPJoinController.run(PPJoinController.java:179): Returned 0 links to review.
22.04.2013 16:14:14 INFO  [main] de.uni_leipzig.simba.controller.PPJoinController.run(PPJoinController.java:186): Mapping carried out in 1.377 seconds
22.04.2013 16:14:14 INFO  [main] de.uni_leipzig.simba.controller.PPJoinController.run(PPJoinController.java:187): Done.
