12.04.2013 20:09:22 INFO  [main] de.uni_leipzig.simba.io.ConfigReader.validateAndRead(ConfigReader.java:163): Source = ID: dbpedia
Var: ?a
Prefixes: {dc=http://purl.org/dc/terms/, rdfs=http://www.w3.org/2000/01/rdf-schema#, schm=http://schema.org/, dbpedia-owl=http://dbpedia.org/ontology/, foaf=http://xmlns.com/foaf/0.1/, linkedmdb=http://data.linkedmdb.org/resource/movie/, dbpedia-prop=http://dbpedia.org/property/, owl=http://www.w3.org/2002/07/owl#, rdf=http://www.w3.org/1999/02/22-rdf-syntax-ns#}
Endpoint: http://dbpedia.org/sparql
Graph: null
Restrictions: [?a rdf:type schm:Movie]
Properties: [rdfs:label]
Functions: {rdfs:label={rdfs:label=lowercase}}
Page size: 1000
Type: sparql

12.04.2013 20:09:22 INFO  [main] de.uni_leipzig.simba.io.ConfigReader.validateAndRead(ConfigReader.java:168): Target = ID: linkedmdb
Var: ?b
Prefixes: {dc=http://purl.org/dc/terms/, rdfs=http://www.w3.org/2000/01/rdf-schema#, schm=http://schema.org/, dbpedia-owl=http://dbpedia.org/ontology/, foaf=http://xmlns.com/foaf/0.1/, linkedmdb=http://data.linkedmdb.org/resource/movie/, dbpedia-prop=http://dbpedia.org/property/, owl=http://www.w3.org/2002/07/owl#, rdf=http://www.w3.org/1999/02/22-rdf-syntax-ns#}
Endpoint: http://data.linkedmdb.org/sparql
Graph: null
Restrictions: [?b rdf:type linkedmdb:film]
Properties: [rdfs:label]
Functions: {rdfs:label={rdfs:label=lowercase}}
Page size: 1000
Type: sparql

12.04.2013 20:09:22 INFO  [main] de.uni_leipzig.simba.controller.PPJoinController.run(PPJoinController.java:126): ID: dbpedia
Var: ?a
Prefixes: {dc=http://purl.org/dc/terms/, rdfs=http://www.w3.org/2000/01/rdf-schema#, schm=http://schema.org/, dbpedia-owl=http://dbpedia.org/ontology/, foaf=http://xmlns.com/foaf/0.1/, linkedmdb=http://data.linkedmdb.org/resource/movie/, dbpedia-prop=http://dbpedia.org/property/, owl=http://www.w3.org/2002/07/owl#, rdf=http://www.w3.org/1999/02/22-rdf-syntax-ns#}
Endpoint: http://dbpedia.org/sparql
Graph: null
Restrictions: [?a rdf:type schm:Movie]
Properties: [rdfs:label]
Functions: {rdfs:label={rdfs:label=lowercase}}
Page size: 1000
Type: sparql

12.04.2013 20:09:22 INFO  [main] de.uni_leipzig.simba.controller.PPJoinController.run(PPJoinController.java:127): ID: linkedmdb
Var: ?b
Prefixes: {dc=http://purl.org/dc/terms/, rdfs=http://www.w3.org/2000/01/rdf-schema#, schm=http://schema.org/, dbpedia-owl=http://dbpedia.org/ontology/, foaf=http://xmlns.com/foaf/0.1/, linkedmdb=http://data.linkedmdb.org/resource/movie/, dbpedia-prop=http://dbpedia.org/property/, owl=http://www.w3.org/2002/07/owl#, rdf=http://www.w3.org/1999/02/22-rdf-syntax-ns#}
Endpoint: http://data.linkedmdb.org/sparql
Graph: null
Restrictions: [?b rdf:type linkedmdb:film]
Properties: [rdfs:label]
Functions: {rdfs:label={rdfs:label=lowercase}}
Page size: 1000
Type: sparql

12.04.2013 20:09:22 INFO  [main] de.uni_leipzig.simba.controller.PPJoinController.run(PPJoinController.java:132): Loading source data ...
12.04.2013 20:09:22 INFO  [main] de.uni_leipzig.simba.cache.HybridCache.getData(HybridCache.java:230): Found cached data. Loading data from file /media/A0621C46621C2416/CheckTransferLearningEndpointsUsingLimes/limes0.6RC2/cache/1839224110.ser
12.04.2013 20:09:23 INFO  [main] de.uni_leipzig.simba.cache.HybridCache.getData(HybridCache.java:236): Cached data loaded successfully from file /media/A0621C46621C2416/CheckTransferLearningEndpointsUsingLimes/limes0.6RC2/cache/1839224110.ser
12.04.2013 20:09:23 INFO  [main] de.uni_leipzig.simba.cache.HybridCache.getData(HybridCache.java:237): Size = 61604
12.04.2013 20:09:23 INFO  [main] de.uni_leipzig.simba.controller.PPJoinController.run(PPJoinController.java:137): Loading target data ...
12.04.2013 20:09:23 INFO  [main] de.uni_leipzig.simba.cache.HybridCache.getData(HybridCache.java:230): Found cached data. Loading data from file /media/A0621C46621C2416/CheckTransferLearningEndpointsUsingLimes/limes0.6RC2/cache/-1419582964.ser
12.04.2013 20:09:23 INFO  [main] de.uni_leipzig.simba.cache.HybridCache.getData(HybridCache.java:236): Cached data loaded successfully from file /media/A0621C46621C2416/CheckTransferLearningEndpointsUsingLimes/limes0.6RC2/cache/-1419582964.ser
12.04.2013 20:09:23 INFO  [main] de.uni_leipzig.simba.cache.HybridCache.getData(HybridCache.java:237): Size = 2500
12.04.2013 20:09:23 INFO  [main] de.uni_leipzig.simba.controller.PPJoinController.run(PPJoinController.java:150): Getting links ...
12.04.2013 23:29:59 INFO  [main] de.uni_leipzig.simba.controller.PPJoinController.run(PPJoinController.java:153): Got links in 12035681ms.
12.04.2013 23:30:03 INFO  [main] de.uni_leipzig.simba.io.SerializerFactory.getSerializer(SerializerFactory.java:21): Getting serializer with name NT
12.04.2013 23:30:03 INFO  [main] de.uni_leipzig.simba.io.SerializerFactory.getSerializer(SerializerFactory.java:27): Serializer with name NT not found. Using .nt as default format.
12.04.2013 23:30:03 INFO  [main] de.uni_leipzig.simba.controller.PPJoinController.run(PPJoinController.java:159): Using N3Serializer to serialize
12.04.2013 23:30:03 INFO  [main] de.uni_leipzig.simba.controller.PPJoinController.run(PPJoinController.java:178): Returned 348755 links above acceptance threshold.
12.04.2013 23:30:03 INFO  [main] de.uni_leipzig.simba.controller.PPJoinController.run(PPJoinController.java:179): Returned 0 links to review.
12.04.2013 23:30:04 INFO  [main] de.uni_leipzig.simba.controller.PPJoinController.run(PPJoinController.java:186): Mapping carried out in 12042.319 seconds
12.04.2013 23:30:04 INFO  [main] de.uni_leipzig.simba.controller.PPJoinController.run(PPJoinController.java:187): Done.
