25.11.2016 02:52:18 INFO  [main] de.uni_leipzig.simba.controller.PPJoinController.run(PPJoinController.java:135): ID: dbpedia
Var: ?a
Prefixes: {dbpedia-owl=http://dbpedia.org/ontology/, rdf=http://www.w3.org/1999/02/22-rdf-syntax-ns#, owl=http://www.w3.org/2002/07/owl#, rdfs=http://www.w3.org/2000/01/rdf-schema#, dbpedia-prop=http://dbpedia.org/property/, foaf=http://xmlns.com/foaf/0.1/, dc=http://purl.org/dc/terms/, drug=http://wifo5-04.informatik.uni-mannheim.de/drugbank/resource/drugbank/}
Endpoint: http://dbpedia.org/sparql
Graph: http://dbpedia.org
Restrictions: [?a rdf:type dbpedia-owl:Drug]
Properties: [rdfs:label]
Functions: {rdfs:label={rdfs:label=lowercase}}
Page size: 1000
Type: sparql

25.11.2016 02:52:18 INFO  [main] de.uni_leipzig.simba.controller.PPJoinController.run(PPJoinController.java:136): ID: drugsbank
Var: ?b
Prefixes: {dbpedia-owl=http://dbpedia.org/ontology/, rdf=http://www.w3.org/1999/02/22-rdf-syntax-ns#, owl=http://www.w3.org/2002/07/owl#, rdfs=http://www.w3.org/2000/01/rdf-schema#, dbpedia-prop=http://dbpedia.org/property/, foaf=http://xmlns.com/foaf/0.1/, dc=http://purl.org/dc/terms/, drug=http://wifo5-04.informatik.uni-mannheim.de/drugbank/resource/drugbank/}
Endpoint: http://wifo5-03.informatik.uni-mannheim.de/drugbank/sparql
Graph: null
Restrictions: [?b rdf:type drug:drugs]
Properties: [rdfs:label, drug:genericName]
Functions: {drug:genericName={drug:genericName=lowercase}, rdfs:label={rdfs:label=lowercase}}
Page size: 1000
Type: sparql

25.11.2016 02:52:18 INFO  [main] de.uni_leipzig.simba.controller.PPJoinController.run(PPJoinController.java:141): Loading source data ...
25.11.2016 02:52:18 INFO  [main] de.uni_leipzig.simba.cache.HybridCache.getData(HybridCache.java:232): Checking for file /home/mofeed/Programs/EclipseLS/workspace/TransferLearning/AllSpecs/cache/2120562316.ser
25.11.2016 02:52:18 INFO  [main] de.uni_leipzig.simba.cache.HybridCache.getData(HybridCache.java:248): No cached data found for dbpedia
25.11.2016 02:52:18 INFO  [main] de.uni_leipzig.simba.query.QueryModuleFactory.getQueryModule(QueryModuleFactory.java:19): Generating <sparql> reader
25.11.2016 02:52:18 INFO  [main] de.uni_leipzig.simba.query.SparqlQueryModule.fillCache(SparqlQueryModule.java:70): Query Graph: http://dbpedia.org
25.11.2016 02:52:18 INFO  [main] de.uni_leipzig.simba.query.SparqlQueryModule.fillCache(SparqlQueryModule.java:93): Properties are [rdfs:label]
25.11.2016 02:52:18 INFO  [main] de.uni_leipzig.simba.query.SparqlQueryModule.fillCache(SparqlQueryModule.java:139): Query issued is 
PREFIX dbpedia-owl: <http://dbpedia.org/ontology/>
PREFIX rdf: <http://www.w3.org/1999/02/22-rdf-syntax-ns#>
PREFIX owl: <http://www.w3.org/2002/07/owl#>
PREFIX rdfs: <http://www.w3.org/2000/01/rdf-schema#>
PREFIX dbpedia-prop: <http://dbpedia.org/property/>
PREFIX foaf: <http://xmlns.com/foaf/0.1/>
PREFIX dc: <http://purl.org/dc/terms/>
PREFIX drug: <http://wifo5-04.informatik.uni-mannheim.de/drugbank/resource/drugbank/>
SELECT DISTINCT ?a ?v0
FROM <http://dbpedia.org>
WHERE {
?a rdf:type dbpedia-owl:Drug .
?a rdfs:label ?v0 .
}
25.11.2016 02:52:18 INFO  [main] de.uni_leipzig.simba.query.SparqlQueryModule.fillCache(SparqlQueryModule.java:141): Querying the endpoint.
25.11.2016 02:52:18 INFO  [main] de.uni_leipzig.simba.query.SparqlQueryModule.fillCache(SparqlQueryModule.java:149): Getting statements 0 to 1000
25.11.2016 02:52:19 INFO  [main] de.uni_leipzig.simba.query.SparqlQueryModule.fillCache(SparqlQueryModule.java:149): Getting statements 1000 to 2000
25.11.2016 02:52:19 INFO  [main] de.uni_leipzig.simba.query.SparqlQueryModule.fillCache(SparqlQueryModule.java:149): Getting statements 2000 to 3000
25.11.2016 02:52:19 INFO  [main] de.uni_leipzig.simba.query.SparqlQueryModule.fillCache(SparqlQueryModule.java:149): Getting statements 3000 to 4000
25.11.2016 02:52:19 INFO  [main] de.uni_leipzig.simba.query.SparqlQueryModule.fillCache(SparqlQueryModule.java:149): Getting statements 4000 to 5000
25.11.2016 02:52:20 INFO  [main] de.uni_leipzig.simba.query.SparqlQueryModule.fillCache(SparqlQueryModule.java:149): Getting statements 5000 to 6000
25.11.2016 02:52:20 INFO  [main] de.uni_leipzig.simba.query.SparqlQueryModule.fillCache(SparqlQueryModule.java:149): Getting statements 6000 to 7000
25.11.2016 02:52:20 INFO  [main] de.uni_leipzig.simba.query.SparqlQueryModule.fillCache(SparqlQueryModule.java:149): Getting statements 7000 to 8000
25.11.2016 02:52:20 INFO  [main] de.uni_leipzig.simba.query.SparqlQueryModule.fillCache(SparqlQueryModule.java:149): Getting statements 8000 to 9000
25.11.2016 02:52:20 INFO  [main] de.uni_leipzig.simba.query.SparqlQueryModule.fillCache(SparqlQueryModule.java:149): Getting statements 9000 to 10000
25.11.2016 02:52:20 INFO  [main] de.uni_leipzig.simba.query.SparqlQueryModule.fillCache(SparqlQueryModule.java:149): Getting statements 10000 to 11000
25.11.2016 02:52:20 INFO  [main] de.uni_leipzig.simba.query.SparqlQueryModule.fillCache(SparqlQueryModule.java:149): Getting statements 11000 to 12000
25.11.2016 02:52:20 INFO  [main] de.uni_leipzig.simba.query.SparqlQueryModule.fillCache(SparqlQueryModule.java:149): Getting statements 12000 to 13000
25.11.2016 02:52:20 INFO  [main] de.uni_leipzig.simba.query.SparqlQueryModule.fillCache(SparqlQueryModule.java:149): Getting statements 13000 to 14000
25.11.2016 02:52:21 INFO  [main] de.uni_leipzig.simba.query.SparqlQueryModule.fillCache(SparqlQueryModule.java:149): Getting statements 14000 to 15000
25.11.2016 02:52:21 INFO  [main] de.uni_leipzig.simba.query.SparqlQueryModule.fillCache(SparqlQueryModule.java:149): Getting statements 15000 to 16000
25.11.2016 02:52:21 INFO  [main] de.uni_leipzig.simba.query.SparqlQueryModule.fillCache(SparqlQueryModule.java:149): Getting statements 16000 to 17000
25.11.2016 02:52:21 INFO  [main] de.uni_leipzig.simba.query.SparqlQueryModule.fillCache(SparqlQueryModule.java:149): Getting statements 17000 to 18000
25.11.2016 02:52:21 INFO  [main] de.uni_leipzig.simba.query.SparqlQueryModule.fillCache(SparqlQueryModule.java:149): Getting statements 18000 to 19000
25.11.2016 02:52:21 INFO  [main] de.uni_leipzig.simba.query.SparqlQueryModule.fillCache(SparqlQueryModule.java:149): Getting statements 19000 to 20000
25.11.2016 02:52:21 INFO  [main] de.uni_leipzig.simba.query.SparqlQueryModule.fillCache(SparqlQueryModule.java:149): Getting statements 20000 to 21000
25.11.2016 02:52:21 INFO  [main] de.uni_leipzig.simba.query.SparqlQueryModule.fillCache(SparqlQueryModule.java:248): Retrieved 19027 triples and 6128 entities.
25.11.2016 02:52:21 INFO  [main] de.uni_leipzig.simba.query.SparqlQueryModule.fillCache(SparqlQueryModule.java:249): Retrieving statements took 3.186 seconds.
25.11.2016 02:52:21 INFO  [main] de.uni_leipzig.simba.cache.HybridCache.saveToFile(HybridCache.java:179): Serializing 6128 objects to /home/mofeed/Programs/EclipseLS/workspace/TransferLearning/AllSpecs/cache/2120562316.ser
25.11.2016 02:52:22 INFO  [main] de.uni_leipzig.simba.controller.PPJoinController.run(PPJoinController.java:146): Loading target data ...
25.11.2016 02:52:22 INFO  [main] de.uni_leipzig.simba.cache.HybridCache.getData(HybridCache.java:232): Checking for file /home/mofeed/Programs/EclipseLS/workspace/TransferLearning/AllSpecs/cache/1587874524.ser
25.11.2016 02:52:22 INFO  [main] de.uni_leipzig.simba.cache.HybridCache.getData(HybridCache.java:248): No cached data found for drugsbank
25.11.2016 02:52:22 INFO  [main] de.uni_leipzig.simba.query.QueryModuleFactory.getQueryModule(QueryModuleFactory.java:19): Generating <sparql> reader
25.11.2016 02:52:22 INFO  [main] de.uni_leipzig.simba.query.SparqlQueryModule.fillCache(SparqlQueryModule.java:93): Properties are [rdfs:label, drug:genericName]
25.11.2016 02:52:22 INFO  [main] de.uni_leipzig.simba.query.SparqlQueryModule.fillCache(SparqlQueryModule.java:139): Query issued is 
PREFIX dbpedia-owl: <http://dbpedia.org/ontology/>
PREFIX rdf: <http://www.w3.org/1999/02/22-rdf-syntax-ns#>
PREFIX owl: <http://www.w3.org/2002/07/owl#>
PREFIX rdfs: <http://www.w3.org/2000/01/rdf-schema#>
PREFIX dbpedia-prop: <http://dbpedia.org/property/>
PREFIX foaf: <http://xmlns.com/foaf/0.1/>
PREFIX dc: <http://purl.org/dc/terms/>
PREFIX drug: <http://wifo5-04.informatik.uni-mannheim.de/drugbank/resource/drugbank/>
SELECT DISTINCT ?b ?v0 ?v1
WHERE {
?b rdf:type drug:drugs .
?b rdfs:label ?v0 .
?b drug:genericName ?v1 .
}
25.11.2016 02:52:22 INFO  [main] de.uni_leipzig.simba.query.SparqlQueryModule.fillCache(SparqlQueryModule.java:141): Querying the endpoint.
25.11.2016 02:52:22 INFO  [main] de.uni_leipzig.simba.query.SparqlQueryModule.fillCache(SparqlQueryModule.java:149): Getting statements 0 to 1000
25.11.2016 02:52:22 INFO  [main] de.uni_leipzig.simba.query.SparqlQueryModule.fillCache(SparqlQueryModule.java:149): Getting statements 1000 to 2000
25.11.2016 02:52:23 INFO  [main] de.uni_leipzig.simba.query.SparqlQueryModule.fillCache(SparqlQueryModule.java:149): Getting statements 2000 to 3000
25.11.2016 02:52:23 INFO  [main] de.uni_leipzig.simba.query.SparqlQueryModule.fillCache(SparqlQueryModule.java:149): Getting statements 3000 to 4000
25.11.2016 02:52:23 INFO  [main] de.uni_leipzig.simba.query.SparqlQueryModule.fillCache(SparqlQueryModule.java:149): Getting statements 4000 to 5000
25.11.2016 02:52:23 INFO  [main] de.uni_leipzig.simba.query.SparqlQueryModule.fillCache(SparqlQueryModule.java:149): Getting statements 5000 to 6000
25.11.2016 02:52:23 INFO  [main] de.uni_leipzig.simba.query.SparqlQueryModule.fillCache(SparqlQueryModule.java:248): Retrieved 4772 triples and 4772 entities.
25.11.2016 02:52:23 INFO  [main] de.uni_leipzig.simba.query.SparqlQueryModule.fillCache(SparqlQueryModule.java:249): Retrieving statements took 1.292 seconds.
25.11.2016 02:52:23 INFO  [main] de.uni_leipzig.simba.cache.HybridCache.saveToFile(HybridCache.java:179): Serializing 4772 objects to /home/mofeed/Programs/EclipseLS/workspace/TransferLearning/AllSpecs/cache/1587874524.ser
25.11.2016 02:52:24 INFO  [main] de.uni_leipzig.simba.controller.PPJoinController.run(PPJoinController.java:159): Getting links ...
25.11.2016 02:52:28 INFO  [main] de.uni_leipzig.simba.mapper.SimpleSetConstraintsMapper.mergeMaps(SimpleSetConstraintsMapper.java:147): Merging with MIN
25.11.2016 02:52:29 INFO  [main] de.uni_leipzig.simba.controller.PPJoinController.run(PPJoinController.java:162): Got links in 4794ms.
25.11.2016 02:52:29 INFO  [main] de.uni_leipzig.simba.io.SerializerFactory.getSerializer(SerializerFactory.java:22): Getting serializer with name NT
25.11.2016 02:52:29 INFO  [main] de.uni_leipzig.simba.controller.PPJoinController.run(PPJoinController.java:172): Using N3Serializer to serialize
25.11.2016 02:52:29 INFO  [main] de.uni_leipzig.simba.controller.PPJoinController.run(PPJoinController.java:191): Returned 426 links above acceptance threshold.
25.11.2016 02:52:29 INFO  [main] de.uni_leipzig.simba.controller.PPJoinController.run(PPJoinController.java:192): Returned 0 links to review.
25.11.2016 02:52:29 INFO  [main] de.uni_leipzig.simba.controller.PPJoinController.run(PPJoinController.java:199): Mapping carried out in 10.441 seconds
25.11.2016 02:52:29 INFO  [main] de.uni_leipzig.simba.controller.PPJoinController.run(PPJoinController.java:200): Done.
