11.04.2013 14:32:46 INFO  [main] de.uni_leipzig.simba.io.ConfigReader.validateAndRead(ConfigReader.java:163): Source = ID: dbpedia
Var: ?a
Prefixes: {lgdp=http://linkedgeodata.org/property/, dc=http://purl.org/dc/terms/, diseasome=http://www4.wiwiss.fu-berlin.de/diseasome/resource/diseasome/, lgdo=http://linkedgeodata.org/ontology/, dbpedia-owl=http://dbpedia.org/ontology/, mo=http://purl.org/ontology/mo/, geo=http://www.w3.org/2003/01/geo/wgs84_pos#, foaf=http://xmlns.com/foaf/0.1/, linkedmdb=http://data.linkedmdb.org/resource/movie/, dbpedia-prop=http://dbpedia.org/property/, yago=http://dbpedia.org/class/yago/, hcterms=http://purl.org/uF/hCard/terms/, geonames=http://www.geonames.org/ontology#, rdfs=http://www.w3.org/2000/01/rdf-schema#, v=http://www.w3.org/2006/vcard/ns#, dctype=http://purl.org/dc/dcmitype/, umbel-sc=http://umbel.org/umbel/sc/, sider=http://www4.wiwiss.fu-berlin.de/sider/resource/sider/, dbpedia=http://dbpedia.org/ontology/, owl=http://www.w3.org/2002/07/owl#, wgs84=http://www.w3.org/2003/01/geo/wgs84_pos#, rdf=http://www.w3.org/1999/02/22-rdf-syntax-ns#, linkedgeodata=http://linkedgeodata.org/triplify/, skos=http://www.w3.org/2004/02/skos/core#}
Endpoint: http://dbpedia.org/sparql
Graph: null
Restrictions: [?a rdf:type dbpedia-owl:Drug]
Properties: [foaf:name, rdfs:label]
Functions: {rdfs:label={rdfs:label=lowercase}, foaf:name={foaf:name=lowercase}}
Page size: 1000
Type: sparql

11.04.2013 14:32:46 INFO  [main] de.uni_leipzig.simba.io.ConfigReader.validateAndRead(ConfigReader.java:168): Target = ID: sider
Var: ?b
Prefixes: {lgdp=http://linkedgeodata.org/property/, dc=http://purl.org/dc/terms/, diseasome=http://www4.wiwiss.fu-berlin.de/diseasome/resource/diseasome/, lgdo=http://linkedgeodata.org/ontology/, dbpedia-owl=http://dbpedia.org/ontology/, mo=http://purl.org/ontology/mo/, geo=http://www.w3.org/2003/01/geo/wgs84_pos#, foaf=http://xmlns.com/foaf/0.1/, linkedmdb=http://data.linkedmdb.org/resource/movie/, dbpedia-prop=http://dbpedia.org/property/, yago=http://dbpedia.org/class/yago/, hcterms=http://purl.org/uF/hCard/terms/, geonames=http://www.geonames.org/ontology#, rdfs=http://www.w3.org/2000/01/rdf-schema#, v=http://www.w3.org/2006/vcard/ns#, dctype=http://purl.org/dc/dcmitype/, umbel-sc=http://umbel.org/umbel/sc/, sider=http://www4.wiwiss.fu-berlin.de/sider/resource/sider/, dbpedia=http://dbpedia.org/ontology/, owl=http://www.w3.org/2002/07/owl#, wgs84=http://www.w3.org/2003/01/geo/wgs84_pos#, rdf=http://www.w3.org/1999/02/22-rdf-syntax-ns#, linkedgeodata=http://linkedgeodata.org/triplify/, skos=http://www.w3.org/2004/02/skos/core#}
Endpoint: http://lod.openlinksw.com/sparql
Graph: null
Restrictions: [?b rdf:type sider:drugs]
Properties: [rdfs:label]
Functions: {rdfs:label={rdfs:label=lowercase}}
Page size: 1000
Type: sparql

11.04.2013 14:32:46 INFO  [main] de.uni_leipzig.simba.controller.PPJoinController.run(PPJoinController.java:126): ID: dbpedia
Var: ?a
Prefixes: {lgdp=http://linkedgeodata.org/property/, dc=http://purl.org/dc/terms/, diseasome=http://www4.wiwiss.fu-berlin.de/diseasome/resource/diseasome/, lgdo=http://linkedgeodata.org/ontology/, dbpedia-owl=http://dbpedia.org/ontology/, mo=http://purl.org/ontology/mo/, geo=http://www.w3.org/2003/01/geo/wgs84_pos#, foaf=http://xmlns.com/foaf/0.1/, linkedmdb=http://data.linkedmdb.org/resource/movie/, dbpedia-prop=http://dbpedia.org/property/, yago=http://dbpedia.org/class/yago/, hcterms=http://purl.org/uF/hCard/terms/, geonames=http://www.geonames.org/ontology#, rdfs=http://www.w3.org/2000/01/rdf-schema#, v=http://www.w3.org/2006/vcard/ns#, dctype=http://purl.org/dc/dcmitype/, umbel-sc=http://umbel.org/umbel/sc/, sider=http://www4.wiwiss.fu-berlin.de/sider/resource/sider/, dbpedia=http://dbpedia.org/ontology/, owl=http://www.w3.org/2002/07/owl#, wgs84=http://www.w3.org/2003/01/geo/wgs84_pos#, rdf=http://www.w3.org/1999/02/22-rdf-syntax-ns#, linkedgeodata=http://linkedgeodata.org/triplify/, skos=http://www.w3.org/2004/02/skos/core#}
Endpoint: http://dbpedia.org/sparql
Graph: null
Restrictions: [?a rdf:type dbpedia-owl:Drug]
Properties: [foaf:name, rdfs:label]
Functions: {rdfs:label={rdfs:label=lowercase}, foaf:name={foaf:name=lowercase}}
Page size: 1000
Type: sparql

11.04.2013 14:32:46 INFO  [main] de.uni_leipzig.simba.controller.PPJoinController.run(PPJoinController.java:127): ID: sider
Var: ?b
Prefixes: {lgdp=http://linkedgeodata.org/property/, dc=http://purl.org/dc/terms/, diseasome=http://www4.wiwiss.fu-berlin.de/diseasome/resource/diseasome/, lgdo=http://linkedgeodata.org/ontology/, dbpedia-owl=http://dbpedia.org/ontology/, mo=http://purl.org/ontology/mo/, geo=http://www.w3.org/2003/01/geo/wgs84_pos#, foaf=http://xmlns.com/foaf/0.1/, linkedmdb=http://data.linkedmdb.org/resource/movie/, dbpedia-prop=http://dbpedia.org/property/, yago=http://dbpedia.org/class/yago/, hcterms=http://purl.org/uF/hCard/terms/, geonames=http://www.geonames.org/ontology#, rdfs=http://www.w3.org/2000/01/rdf-schema#, v=http://www.w3.org/2006/vcard/ns#, dctype=http://purl.org/dc/dcmitype/, umbel-sc=http://umbel.org/umbel/sc/, sider=http://www4.wiwiss.fu-berlin.de/sider/resource/sider/, dbpedia=http://dbpedia.org/ontology/, owl=http://www.w3.org/2002/07/owl#, wgs84=http://www.w3.org/2003/01/geo/wgs84_pos#, rdf=http://www.w3.org/1999/02/22-rdf-syntax-ns#, linkedgeodata=http://linkedgeodata.org/triplify/, skos=http://www.w3.org/2004/02/skos/core#}
Endpoint: http://lod.openlinksw.com/sparql
Graph: null
Restrictions: [?b rdf:type sider:drugs]
Properties: [rdfs:label]
Functions: {rdfs:label={rdfs:label=lowercase}}
Page size: 1000
Type: sparql

11.04.2013 14:32:46 INFO  [main] de.uni_leipzig.simba.controller.PPJoinController.run(PPJoinController.java:132): Loading source data ...
11.04.2013 14:32:46 INFO  [main] de.uni_leipzig.simba.cache.HybridCache.getData(HybridCache.java:230): Found cached data. Loading data from file /media/A0621C46621C2416/Dumps/limes0.6RC2/cache/1322542316.ser
11.04.2013 14:32:46 INFO  [main] de.uni_leipzig.simba.cache.HybridCache.getData(HybridCache.java:236): Cached data loaded successfully from file /media/A0621C46621C2416/Dumps/limes0.6RC2/cache/1322542316.ser
11.04.2013 14:32:46 INFO  [main] de.uni_leipzig.simba.cache.HybridCache.getData(HybridCache.java:237): Size = 345
11.04.2013 14:32:46 INFO  [main] de.uni_leipzig.simba.controller.PPJoinController.run(PPJoinController.java:137): Loading target data ...
11.04.2013 14:32:46 INFO  [main] de.uni_leipzig.simba.cache.HybridCache.getData(HybridCache.java:243): No cached data found for sider
11.04.2013 14:32:46 INFO  [main] de.uni_leipzig.simba.query.QueryModuleFactory.getQueryModule(QueryModuleFactory.java:19): Generating <sparql> reader
11.04.2013 14:32:46 INFO  [main] de.uni_leipzig.simba.query.SparqlQueryModule.fillCache(SparqlQueryModule.java:93): Properties are [rdfs:label]
11.04.2013 14:32:46 INFO  [main] de.uni_leipzig.simba.query.SparqlQueryModule.fillCache(SparqlQueryModule.java:135): Query issued is 
PREFIX lgdp: <http://linkedgeodata.org/property/>
PREFIX dc: <http://purl.org/dc/terms/>
PREFIX diseasome: <http://www4.wiwiss.fu-berlin.de/diseasome/resource/diseasome/>
PREFIX lgdo: <http://linkedgeodata.org/ontology/>
PREFIX dbpedia-owl: <http://dbpedia.org/ontology/>
PREFIX mo: <http://purl.org/ontology/mo/>
PREFIX geo: <http://www.w3.org/2003/01/geo/wgs84_pos#>
PREFIX foaf: <http://xmlns.com/foaf/0.1/>
PREFIX linkedmdb: <http://data.linkedmdb.org/resource/movie/>
PREFIX dbpedia-prop: <http://dbpedia.org/property/>
PREFIX yago: <http://dbpedia.org/class/yago/>
PREFIX hcterms: <http://purl.org/uF/hCard/terms/>
PREFIX geonames: <http://www.geonames.org/ontology#>
PREFIX rdfs: <http://www.w3.org/2000/01/rdf-schema#>
PREFIX v: <http://www.w3.org/2006/vcard/ns#>
PREFIX dctype: <http://purl.org/dc/dcmitype/>
PREFIX umbel-sc: <http://umbel.org/umbel/sc/>
PREFIX sider: <http://www4.wiwiss.fu-berlin.de/sider/resource/sider/>
PREFIX dbpedia: <http://dbpedia.org/ontology/>
PREFIX owl: <http://www.w3.org/2002/07/owl#>
PREFIX wgs84: <http://www.w3.org/2003/01/geo/wgs84_pos#>
PREFIX rdf: <http://www.w3.org/1999/02/22-rdf-syntax-ns#>
PREFIX linkedgeodata: <http://linkedgeodata.org/triplify/>
PREFIX skos: <http://www.w3.org/2004/02/skos/core#>
SELECT DISTINCT ?b ?v0
WHERE {
?b rdf:type sider:drugs .
?b rdfs:label ?v0 .
}
11.04.2013 14:32:46 INFO  [main] de.uni_leipzig.simba.query.SparqlQueryModule.fillCache(SparqlQueryModule.java:137): Querying the endpoint.
11.04.2013 14:32:46 INFO  [main] de.uni_leipzig.simba.query.SparqlQueryModule.fillCache(SparqlQueryModule.java:145): Getting statements 0 to 1000
11.04.2013 14:32:49 INFO  [main] de.uni_leipzig.simba.query.SparqlQueryModule.fillCache(SparqlQueryModule.java:145): Getting statements 1000 to 2000
11.04.2013 14:32:49 INFO  [main] de.uni_leipzig.simba.query.SparqlQueryModule.fillCache(SparqlQueryModule.java:241): Retrieved 924 triples and 924 entities.
11.04.2013 14:32:49 INFO  [main] de.uni_leipzig.simba.query.SparqlQueryModule.fillCache(SparqlQueryModule.java:242): Retrieving statements took 2.443 seconds.
11.04.2013 14:32:49 INFO  [main] de.uni_leipzig.simba.cache.HybridCache.saveToFile(HybridCache.java:176): Serializing 924 objects to /media/A0621C46621C2416/Dumps/limes0.6RC2/cache/514300359.ser
11.04.2013 14:32:50 INFO  [main] de.uni_leipzig.simba.controller.PPJoinController.run(PPJoinController.java:150): Getting links ...
11.04.2013 14:32:50 INFO  [main] de.uni_leipzig.simba.mapper.SimpleSetConstraintsMapper.mergeMaps(SimpleSetConstraintsMapper.java:132): Merging with MAX
11.04.2013 14:32:50 INFO  [main] de.uni_leipzig.simba.controller.PPJoinController.run(PPJoinController.java:153): Got links in 396ms.
11.04.2013 14:32:50 INFO  [main] de.uni_leipzig.simba.io.SerializerFactory.getSerializer(SerializerFactory.java:21): Getting serializer with name NT
11.04.2013 14:32:50 INFO  [main] de.uni_leipzig.simba.io.SerializerFactory.getSerializer(SerializerFactory.java:27): Serializer with name NT not found. Using .nt as default format.
11.04.2013 14:32:50 INFO  [main] de.uni_leipzig.simba.controller.PPJoinController.run(PPJoinController.java:159): Using N3Serializer to serialize
11.04.2013 14:32:50 INFO  [main] de.uni_leipzig.simba.controller.PPJoinController.run(PPJoinController.java:178): Returned 9 links above acceptance threshold.
11.04.2013 14:32:50 INFO  [main] de.uni_leipzig.simba.controller.PPJoinController.run(PPJoinController.java:179): Returned 0 links to review.
11.04.2013 14:32:50 INFO  [main] de.uni_leipzig.simba.controller.PPJoinController.run(PPJoinController.java:186): Mapping carried out in 3.812 seconds
11.04.2013 14:32:50 INFO  [main] de.uni_leipzig.simba.controller.PPJoinController.run(PPJoinController.java:187): Done.
