07.03.2018 21:36:18 INFO  [main] de.uni_leipzig.simba.controller.PPJoinController.run(PPJoinController.java:135): ID: dbpedia
Var: ?a
Prefixes: {dbpedia-owl=http://dbpedia.org/ontology/, rdf=http://www.w3.org/1999/02/22-rdf-syntax-ns#, owl=http://www.w3.org/2002/07/owl#, rdfs=http://www.w3.org/2000/01/rdf-schema#, dbpedia-prop=http://dbpedia.org/property/, linkedmdb=http://data.linkedmdb.org/resource/movie/, foaf=http://xmlns.com/foaf/0.1/, dc=http://purl.org/dc/terms/}
Endpoint: http://dbpedia.org/sparql
Graph: 
Restrictions: [?a rdf:type dbpedia-owl:Film]
Properties: [rdfs:label, dbpedia-owl:director/rdfs:label, dbpedia-owl:releaseDate]
Functions: {rdfs:label={rdfs:label=}, dbpedia-owl:releaseDate={dbpedia-owl:releaseDate=}, dbpedia-owl:director/rdfs:label={dbdname=lowercase}}
Page size: 1000
Type: sparql

07.03.2018 21:36:18 INFO  [main] de.uni_leipzig.simba.controller.PPJoinController.run(PPJoinController.java:136): ID: linkedmdb
Var: ?b
Prefixes: {dbpedia-owl=http://dbpedia.org/ontology/, rdf=http://www.w3.org/1999/02/22-rdf-syntax-ns#, owl=http://www.w3.org/2002/07/owl#, rdfs=http://www.w3.org/2000/01/rdf-schema#, dbpedia-prop=http://dbpedia.org/property/, linkedmdb=http://data.linkedmdb.org/resource/movie/, foaf=http://xmlns.com/foaf/0.1/, dc=http://purl.org/dc/terms/}
Endpoint: http://data.linkedmdb.org/sparql
Graph: 0
Restrictions: [?b rdf:type linkedmdb:film]
Properties: [rdfs:label, linkedmdb:director/rdfs:label, linkedmdb:initial_release_date]
Functions: {rdfs:label={rdfs:label=}, linkedmdb:initial_release_date={linkedmdb:initial_release_date=}, linkedmdb:director/rdfs:label={mddname=lowercase}}
Page size: 1000
Type: sparql

07.03.2018 21:36:18 INFO  [main] de.uni_leipzig.simba.controller.PPJoinController.run(PPJoinController.java:141): Loading source data ...
07.03.2018 21:36:18 INFO  [main] de.uni_leipzig.simba.cache.HybridCache.getData(HybridCache.java:232): Checking for file /media/mofeed/TOSHIBA2T/LIMES.0.6.RC4/cache/1608867271.ser
07.03.2018 21:36:18 INFO  [main] de.uni_leipzig.simba.cache.HybridCache.getData(HybridCache.java:235): Found cached data. Loading data from file /media/mofeed/TOSHIBA2T/LIMES.0.6.RC4/cache/1608867271.ser
07.03.2018 21:36:19 INFO  [main] de.uni_leipzig.simba.cache.HybridCache.getData(HybridCache.java:241): Cached data loaded successfully from file /media/mofeed/TOSHIBA2T/LIMES.0.6.RC4/cache/1608867271.ser
07.03.2018 21:36:19 INFO  [main] de.uni_leipzig.simba.cache.HybridCache.getData(HybridCache.java:242): Size = 16879
07.03.2018 21:36:19 INFO  [main] de.uni_leipzig.simba.controller.PPJoinController.run(PPJoinController.java:146): Loading target data ...
07.03.2018 21:36:19 INFO  [main] de.uni_leipzig.simba.cache.HybridCache.getData(HybridCache.java:232): Checking for file /media/mofeed/TOSHIBA2T/LIMES.0.6.RC4/cache/2038303684.ser
07.03.2018 21:36:19 INFO  [main] de.uni_leipzig.simba.cache.HybridCache.getData(HybridCache.java:235): Found cached data. Loading data from file /media/mofeed/TOSHIBA2T/LIMES.0.6.RC4/cache/2038303684.ser
07.03.2018 21:36:19 INFO  [main] de.uni_leipzig.simba.cache.HybridCache.getData(HybridCache.java:241): Cached data loaded successfully from file /media/mofeed/TOSHIBA2T/LIMES.0.6.RC4/cache/2038303684.ser
07.03.2018 21:36:19 INFO  [main] de.uni_leipzig.simba.cache.HybridCache.getData(HybridCache.java:242): Size = 2095
07.03.2018 21:36:19 INFO  [main] de.uni_leipzig.simba.controller.PPJoinController.run(PPJoinController.java:159): Getting links ...
07.03.2018 21:36:20 INFO  [main] de.uni_leipzig.simba.mapper.SimpleSetConstraintsMapper.mergeMaps(SimpleSetConstraintsMapper.java:138): Merging with MAX
07.03.2018 21:36:20 INFO  [main] de.uni_leipzig.simba.controller.PPJoinController.run(PPJoinController.java:162): Got links in 641ms.
07.03.2018 21:36:20 INFO  [main] de.uni_leipzig.simba.io.SerializerFactory.getSerializer(SerializerFactory.java:22): Getting serializer with name N3
07.03.2018 21:36:20 INFO  [main] de.uni_leipzig.simba.io.SerializerFactory.getSerializer(SerializerFactory.java:30): Serializer with name N3 not found. Using .nt as default format.
07.03.2018 21:36:20 INFO  [main] de.uni_leipzig.simba.controller.PPJoinController.run(PPJoinController.java:172): Using N3Serializer to serialize
07.03.2018 21:36:20 INFO  [main] de.uni_leipzig.simba.controller.PPJoinController.run(PPJoinController.java:191): Returned 1258 links above acceptance threshold.
07.03.2018 21:36:20 INFO  [main] de.uni_leipzig.simba.controller.PPJoinController.run(PPJoinController.java:192): Returned 0 links to review.
07.03.2018 21:36:20 INFO  [main] de.uni_leipzig.simba.controller.PPJoinController.run(PPJoinController.java:199): Mapping carried out in 2.223 seconds
07.03.2018 21:36:20 INFO  [main] de.uni_leipzig.simba.controller.PPJoinController.run(PPJoinController.java:200): Done.
